{"C:\\Users\\Loritamus\\Desktop\\AI project\\src\\engine\\factory.ts": {"path":"C:\\Users\\Loritamus\\Desktop\\AI project\\src\\engine\\factory.ts","statementMap":{"0":{"start":{"line":17,"column":25},"end":{"line":17,"column":null}},"1":{"start":{"line":18,"column":4},"end":{"line":20,"column":null}},"2":{"start":{"line":19,"column":8},"end":{"line":19,"column":null}},"3":{"start":{"line":23,"column":4},"end":{"line":25,"column":null}},"4":{"start":{"line":24,"column":8},"end":{"line":24,"column":null}},"5":{"start":{"line":26,"column":4},"end":{"line":28,"column":null}},"6":{"start":{"line":27,"column":8},"end":{"line":27,"column":null}},"7":{"start":{"line":31,"column":4},"end":{"line":37,"column":null}},"8":{"start":{"line":32,"column":18},"end":{"line":32,"column":null}},"9":{"start":{"line":33,"column":28},"end":{"line":33,"column":null}},"10":{"start":{"line":34,"column":8},"end":{"line":36,"column":null}},"11":{"start":{"line":35,"column":12},"end":{"line":35,"column":null}},"12":{"start":{"line":40,"column":10},"end":{"line":50,"column":null}},"13":{"start":{"line":53,"column":15},"end":{"line":53,"column":null}},"14":{"start":{"line":56,"column":4},"end":{"line":59,"column":null}}},"fnMap":{"0":{"name":"createNode","decl":{"start":{"line":10,"column":22},"end":{"line":10,"column":null}},"loc":{"start":{"line":15,"column":20},"end":{"line":60,"column":null}},"line":15}},"branchMap":{"0":{"loc":{"start":{"line":18,"column":4},"end":{"line":20,"column":null}},"type":"if","locations":[{"start":{"line":18,"column":4},"end":{"line":20,"column":null}},{"start":{},"end":{}}],"line":18},"1":{"loc":{"start":{"line":23,"column":4},"end":{"line":25,"column":null}},"type":"if","locations":[{"start":{"line":23,"column":4},"end":{"line":25,"column":null}},{"start":{},"end":{}}],"line":23},"2":{"loc":{"start":{"line":23,"column":8},"end":{"line":23,"column":61}},"type":"binary-expr","locations":[{"start":{"line":23,"column":8},"end":{"line":23,"column":39}},{"start":{"line":23,"column":39},"end":{"line":23,"column":61}}],"line":23},"3":{"loc":{"start":{"line":26,"column":4},"end":{"line":28,"column":null}},"type":"if","locations":[{"start":{"line":26,"column":4},"end":{"line":28,"column":null}},{"start":{},"end":{}}],"line":26},"4":{"loc":{"start":{"line":26,"column":8},"end":{"line":26,"column":69}},"type":"binary-expr","locations":[{"start":{"line":26,"column":8},"end":{"line":26,"column":40}},{"start":{"line":26,"column":40},"end":{"line":26,"column":69}}],"line":26},"5":{"loc":{"start":{"line":31,"column":4},"end":{"line":37,"column":null}},"type":"if","locations":[{"start":{"line":31,"column":4},"end":{"line":37,"column":null}},{"start":{},"end":{}}],"line":31},"6":{"loc":{"start":{"line":33,"column":28},"end":{"line":33,"column":null}},"type":"binary-expr","locations":[{"start":{"line":33,"column":28},"end":{"line":33,"column":46}},{"start":{"line":33,"column":46},"end":{"line":33,"column":64}},{"start":{"line":33,"column":64},"end":{"line":33,"column":null}}],"line":33},"7":{"loc":{"start":{"line":34,"column":8},"end":{"line":36,"column":null}},"type":"if","locations":[{"start":{"line":34,"column":8},"end":{"line":36,"column":null}},{"start":{},"end":{}}],"line":34},"8":{"loc":{"start":{"line":34,"column":12},"end":{"line":34,"column":68}},"type":"binary-expr","locations":[{"start":{"line":34,"column":12},"end":{"line":34,"column":27}},{"start":{"line":34,"column":27},"end":{"line":34,"column":68}}],"line":34}},"s":{"0":261,"1":261,"2":2,"3":259,"4":2,"5":257,"6":2,"7":255,"8":78,"9":78,"10":78,"11":2,"12":253,"13":253,"14":253},"f":{"0":261},"b":{"0":[2,259],"1":[2,257],"2":[259,62],"3":[2,255],"4":[257,197],"5":[78,177],"6":[78,52,26],"7":[2,76],"8":[78,78]},"meta":{"lastBranch":9,"lastFunction":1,"lastStatement":15,"seen":{"f:10:22:10:Infinity":0,"s:17:25:17:Infinity":0,"b:18:4:20:Infinity:undefined:undefined:undefined:undefined":0,"s:18:4:20:Infinity":1,"s:19:8:19:Infinity":2,"b:23:4:25:Infinity:undefined:undefined:undefined:undefined":1,"s:23:4:25:Infinity":3,"b:23:8:23:39:23:39:23:61":2,"s:24:8:24:Infinity":4,"b:26:4:28:Infinity:undefined:undefined:undefined:undefined":3,"s:26:4:28:Infinity":5,"b:26:8:26:40:26:40:26:69":4,"s:27:8:27:Infinity":6,"b:31:4:37:Infinity:undefined:undefined:undefined:undefined":5,"s:31:4:37:Infinity":7,"s:32:18:32:Infinity":8,"s:33:28:33:Infinity":9,"b:33:28:33:46:33:46:33:64:33:64:33:Infinity":6,"b:34:8:36:Infinity:undefined:undefined:undefined:undefined":7,"s:34:8:36:Infinity":10,"b:34:12:34:27:34:27:34:68":8,"s:35:12:35:Infinity":11,"s:40:10:50:Infinity":12,"s:53:15:53:Infinity":13,"s:56:4:59:Infinity":14}}}
,"C:\\Users\\Loritamus\\Desktop\\AI project\\src\\engine\\graph.ts": {"path":"C:\\Users\\Loritamus\\Desktop\\AI project\\src\\engine\\graph.ts","statementMap":{"0":{"start":{"line":10,"column":33},"end":{"line":10,"column":null}},"1":{"start":{"line":11,"column":20},"end":{"line":11,"column":null}},"2":{"start":{"line":12,"column":18},"end":{"line":12,"column":null}},"3":{"start":{"line":14,"column":4},"end":{"line":30,"column":null}},"4":{"start":{"line":15,"column":23},"end":{"line":15,"column":null}},"5":{"start":{"line":16,"column":8},"end":{"line":16,"column":null}},"6":{"start":{"line":16,"column":33},"end":{"line":16,"column":null}},"7":{"start":{"line":17,"column":8},"end":{"line":17,"column":null}},"8":{"start":{"line":19,"column":21},"end":{"line":19,"column":null}},"9":{"start":{"line":20,"column":8},"end":{"line":20,"column":null}},"10":{"start":{"line":20,"column":19},"end":{"line":20,"column":null}},"11":{"start":{"line":25,"column":8},"end":{"line":29,"column":null}},"12":{"start":{"line":26,"column":12},"end":{"line":26,"column":null}},"13":{"start":{"line":26,"column":37},"end":{"line":26,"column":null}},"14":{"start":{"line":27,"column":12},"end":{"line":27,"column":null}},"15":{"start":{"line":28,"column":12},"end":{"line":28,"column":null}},"16":{"start":{"line":32,"column":4},"end":{"line":32,"column":null}},"17":{"start":{"line":39,"column":21},"end":{"line":39,"column":null}},"18":{"start":{"line":40,"column":18},"end":{"line":40,"column":null}},"19":{"start":{"line":42,"column":4},"end":{"line":53,"column":null}},"20":{"start":{"line":43,"column":19},"end":{"line":43,"column":null}},"21":{"start":{"line":44,"column":8},"end":{"line":44,"column":null}},"22":{"start":{"line":44,"column":30},"end":{"line":44,"column":null}},"23":{"start":{"line":45,"column":8},"end":{"line":45,"column":null}},"24":{"start":{"line":47,"column":25},"end":{"line":47,"column":null}},"25":{"start":{"line":48,"column":8},"end":{"line":52,"column":null}},"26":{"start":{"line":49,"column":12},"end":{"line":51,"column":null}},"27":{"start":{"line":50,"column":16},"end":{"line":50,"column":null}},"28":{"start":{"line":55,"column":4},"end":{"line":55,"column":null}},"29":{"start":{"line":62,"column":29},"end":{"line":62,"column":null}},"30":{"start":{"line":63,"column":20},"end":{"line":63,"column":null}},"31":{"start":{"line":64,"column":21},"end":{"line":64,"column":null}},"32":{"start":{"line":67,"column":8},"end":{"line":67,"column":null}},"33":{"start":{"line":67,"column":30},"end":{"line":67,"column":null}},"34":{"start":{"line":68,"column":8},"end":{"line":68,"column":null}},"35":{"start":{"line":68,"column":29},"end":{"line":68,"column":null}},"36":{"start":{"line":70,"column":8},"end":{"line":70,"column":null}},"37":{"start":{"line":71,"column":21},"end":{"line":71,"column":null}},"38":{"start":{"line":72,"column":8},"end":{"line":76,"column":null}},"39":{"start":{"line":73,"column":12},"end":{"line":75,"column":null}},"40":{"start":{"line":74,"column":16},"end":{"line":74,"column":null}},"41":{"start":{"line":77,"column":8},"end":{"line":77,"column":null}},"42":{"start":{"line":78,"column":8},"end":{"line":78,"column":null}},"43":{"start":{"line":79,"column":8},"end":{"line":79,"column":null}},"44":{"start":{"line":82,"column":4},"end":{"line":84,"column":null}},"45":{"start":{"line":83,"column":8},"end":{"line":83,"column":null}},"46":{"start":{"line":86,"column":4},"end":{"line":86,"column":null}}},"fnMap":{"0":{"name":"buildForwardGraph","decl":{"start":{"line":9,"column":16},"end":{"line":9,"column":34}},"loc":{"start":{"line":9,"column":68},"end":{"line":33,"column":null}},"line":9},"1":{"name":"getAffectedSet","decl":{"start":{"line":38,"column":16},"end":{"line":38,"column":31}},"loc":{"start":{"line":38,"column":99},"end":{"line":56,"column":null}},"line":38},"2":{"name":"topoSort","decl":{"start":{"line":61,"column":16},"end":{"line":61,"column":25}},"loc":{"start":{"line":61,"column":57},"end":{"line":87,"column":null}},"line":61},"3":{"name":"visit","decl":{"start":{"line":66,"column":13},"end":{"line":66,"column":19}},"loc":{"start":{"line":66,"column":31},"end":{"line":80,"column":null}},"line":66}},"branchMap":{"0":{"loc":{"start":{"line":16,"column":8},"end":{"line":16,"column":null}},"type":"if","locations":[{"start":{"line":16,"column":8},"end":{"line":16,"column":null}},{"start":{},"end":{}}],"line":16},"1":{"loc":{"start":{"line":20,"column":8},"end":{"line":20,"column":null}},"type":"if","locations":[{"start":{"line":20,"column":8},"end":{"line":20,"column":null}},{"start":{},"end":{}}],"line":20},"2":{"loc":{"start":{"line":26,"column":12},"end":{"line":26,"column":null}},"type":"if","locations":[{"start":{"line":26,"column":12},"end":{"line":26,"column":null}},{"start":{},"end":{}}],"line":26},"3":{"loc":{"start":{"line":44,"column":8},"end":{"line":44,"column":null}},"type":"if","locations":[{"start":{"line":44,"column":8},"end":{"line":44,"column":null}},{"start":{},"end":{}}],"line":44},"4":{"loc":{"start":{"line":48,"column":8},"end":{"line":52,"column":null}},"type":"if","locations":[{"start":{"line":48,"column":8},"end":{"line":52,"column":null}},{"start":{},"end":{}}],"line":48},"5":{"loc":{"start":{"line":67,"column":8},"end":{"line":67,"column":null}},"type":"if","locations":[{"start":{"line":67,"column":8},"end":{"line":67,"column":null}},{"start":{},"end":{}}],"line":67},"6":{"loc":{"start":{"line":68,"column":8},"end":{"line":68,"column":null}},"type":"if","locations":[{"start":{"line":68,"column":8},"end":{"line":68,"column":null}},{"start":{},"end":{}}],"line":68},"7":{"loc":{"start":{"line":72,"column":8},"end":{"line":76,"column":null}},"type":"if","locations":[{"start":{"line":72,"column":8},"end":{"line":76,"column":null}},{"start":{},"end":{}}],"line":72}},"s":{"0":3,"1":3,"2":3,"3":3,"4":11,"5":11,"6":3,"7":8,"8":8,"9":8,"10":0,"11":8,"12":6,"13":5,"14":6,"15":6,"16":3,"17":1,"18":1,"19":1,"20":3,"21":3,"22":0,"23":3,"24":3,"25":3,"26":2,"27":2,"28":1,"29":20,"30":20,"31":20,"32":2170,"33":0,"34":2170,"35":1661,"36":509,"37":509,"38":509,"39":509,"40":1664,"41":509,"42":509,"43":509,"44":20,"45":506,"46":20},"f":{"0":3,"1":1,"2":20,"3":2170},"b":{"0":[3,8],"1":[0,8],"2":[5,1],"3":[0,3],"4":[2,1],"5":[0,2170],"6":[1661,509],"7":[509,0]},"meta":{"lastBranch":8,"lastFunction":4,"lastStatement":47,"seen":{"f:9:16:9:34":0,"s:10:33:10:Infinity":0,"s:11:20:11:Infinity":1,"s:12:18:12:Infinity":2,"s:14:4:30:Infinity":3,"s:15:23:15:Infinity":4,"b:16:8:16:Infinity:undefined:undefined:undefined:undefined":0,"s:16:8:16:Infinity":5,"s:16:33:16:Infinity":6,"s:17:8:17:Infinity":7,"s:19:21:19:Infinity":8,"b:20:8:20:Infinity:undefined:undefined:undefined:undefined":1,"s:20:8:20:Infinity":9,"s:20:19:20:Infinity":10,"s:25:8:29:Infinity":11,"b:26:12:26:Infinity:undefined:undefined:undefined:undefined":2,"s:26:12:26:Infinity":12,"s:26:37:26:Infinity":13,"s:27:12:27:Infinity":14,"s:28:12:28:Infinity":15,"s:32:4:32:Infinity":16,"f:38:16:38:31":1,"s:39:21:39:Infinity":17,"s:40:18:40:Infinity":18,"s:42:4:53:Infinity":19,"s:43:19:43:Infinity":20,"b:44:8:44:Infinity:undefined:undefined:undefined:undefined":3,"s:44:8:44:Infinity":21,"s:44:30:44:Infinity":22,"s:45:8:45:Infinity":23,"s:47:25:47:Infinity":24,"b:48:8:52:Infinity:undefined:undefined:undefined:undefined":4,"s:48:8:52:Infinity":25,"s:49:12:51:Infinity":26,"s:50:16:50:Infinity":27,"s:55:4:55:Infinity":28,"f:61:16:61:25":2,"s:62:29:62:Infinity":29,"s:63:20:63:Infinity":30,"s:64:21:64:Infinity":31,"f:66:13:66:19":3,"b:67:8:67:Infinity:undefined:undefined:undefined:undefined":5,"s:67:8:67:Infinity":32,"s:67:30:67:Infinity":33,"b:68:8:68:Infinity:undefined:undefined:undefined:undefined":6,"s:68:8:68:Infinity":34,"s:68:29:68:Infinity":35,"s:70:8:70:Infinity":36,"s:71:21:71:Infinity":37,"b:72:8:76:Infinity:undefined:undefined:undefined:undefined":7,"s:72:8:76:Infinity":38,"s:73:12:75:Infinity":39,"s:74:16:74:Infinity":40,"s:77:8:77:Infinity":41,"s:78:8:78:Infinity":42,"s:79:8:79:Infinity":43,"s:82:4:84:Infinity":44,"s:83:8:83:Infinity":45,"s:86:4:86:Infinity":46}}}
,"C:\\Users\\Loritamus\\Desktop\\AI project\\src\\engine\\hashing.ts": {"path":"C:\\Users\\Loritamus\\Desktop\\AI project\\src\\engine\\hashing.ts","statementMap":{"0":{"start":{"line":18,"column":4},"end":{"line":18,"column":null}},"1":{"start":{"line":18,"column":45},"end":{"line":18,"column":null}},"2":{"start":{"line":19,"column":18},"end":{"line":19,"column":null}},"3":{"start":{"line":20,"column":4},"end":{"line":20,"column":null}},"4":{"start":{"line":32,"column":4},"end":{"line":32,"column":null}},"5":{"start":{"line":32,"column":20},"end":{"line":32,"column":null}},"6":{"start":{"line":34,"column":4},"end":{"line":51,"column":null}},"7":{"start":{"line":37,"column":12},"end":{"line":37,"column":null}},"8":{"start":{"line":40,"column":12},"end":{"line":40,"column":null}},"9":{"start":{"line":40,"column":37},"end":{"line":40,"column":null}},"10":{"start":{"line":41,"column":12},"end":{"line":41,"column":null}},"11":{"start":{"line":45,"column":12},"end":{"line":45,"column":null}},"12":{"start":{"line":50,"column":12},"end":{"line":50,"column":null}},"13":{"start":{"line":53,"column":4},"end":{"line":58,"column":null}},"14":{"start":{"line":54,"column":8},"end":{"line":57,"column":null}},"15":{"start":{"line":55,"column":12},"end":{"line":55,"column":null}},"16":{"start":{"line":55,"column":36},"end":{"line":55,"column":null}},"17":{"start":{"line":56,"column":12},"end":{"line":56,"column":null}},"18":{"start":{"line":61,"column":4},"end":{"line":63,"column":null}},"19":{"start":{"line":62,"column":8},"end":{"line":62,"column":null}},"20":{"start":{"line":66,"column":4},"end":{"line":69,"column":null}},"21":{"start":{"line":67,"column":22},"end":{"line":67,"column":null}},"22":{"start":{"line":68,"column":8},"end":{"line":68,"column":null}},"23":{"start":{"line":72,"column":4},"end":{"line":74,"column":null}},"24":{"start":{"line":73,"column":8},"end":{"line":73,"column":null}},"25":{"start":{"line":76,"column":16},"end":{"line":76,"column":null}},"26":{"start":{"line":77,"column":4},"end":{"line":85,"column":null}},"27":{"start":{"line":78,"column":8},"end":{"line":80,"column":null}},"28":{"start":{"line":79,"column":12},"end":{"line":79,"column":null}},"29":{"start":{"line":81,"column":21},"end":{"line":81,"column":null}},"30":{"start":{"line":82,"column":8},"end":{"line":84,"column":null}},"31":{"start":{"line":83,"column":12},"end":{"line":83,"column":null}},"32":{"start":{"line":86,"column":4},"end":{"line":86,"column":null}},"33":{"start":{"line":94,"column":4},"end":{"line":94,"column":null}},"34":{"start":{"line":94,"column":22},"end":{"line":94,"column":null}},"35":{"start":{"line":96,"column":14},"end":{"line":96,"column":null}},"36":{"start":{"line":97,"column":4},"end":{"line":99,"column":null}},"37":{"start":{"line":98,"column":8},"end":{"line":98,"column":null}},"38":{"start":{"line":100,"column":4},"end":{"line":102,"column":null}},"39":{"start":{"line":101,"column":8},"end":{"line":101,"column":null}},"40":{"start":{"line":103,"column":4},"end":{"line":105,"column":null}},"41":{"start":{"line":104,"column":8},"end":{"line":104,"column":null}},"42":{"start":{"line":107,"column":4},"end":{"line":109,"column":null}},"43":{"start":{"line":108,"column":8},"end":{"line":108,"column":null}},"44":{"start":{"line":111,"column":4},"end":{"line":114,"column":null}},"45":{"start":{"line":112,"column":22},"end":{"line":112,"column":null}},"46":{"start":{"line":113,"column":8},"end":{"line":113,"column":null}},"47":{"start":{"line":116,"column":4},"end":{"line":118,"column":null}},"48":{"start":{"line":117,"column":8},"end":{"line":117,"column":null}},"49":{"start":{"line":120,"column":17},"end":{"line":120,"column":null}},"50":{"start":{"line":121,"column":4},"end":{"line":123,"column":null}},"51":{"start":{"line":122,"column":20},"end":{"line":122,"column":101}},"52":{"start":{"line":133,"column":19},"end":{"line":133,"column":null}},"53":{"start":{"line":136,"column":28},"end":{"line":138,"column":null}},"54":{"start":{"line":140,"column":4},"end":{"line":142,"column":null}},"55":{"start":{"line":141,"column":8},"end":{"line":141,"column":null}},"56":{"start":{"line":145,"column":4},"end":{"line":151,"column":null}},"57":{"start":{"line":146,"column":8},"end":{"line":150,"column":null}},"58":{"start":{"line":154,"column":21},"end":{"line":159,"column":null}},"59":{"start":{"line":162,"column":4},"end":{"line":162,"column":null}},"60":{"start":{"line":166,"column":21},"end":{"line":166,"column":null}},"61":{"start":{"line":167,"column":23},"end":{"line":167,"column":null}},"62":{"start":{"line":170,"column":4},"end":{"line":170,"column":null}},"63":{"start":{"line":178,"column":19},"end":{"line":178,"column":null}},"64":{"start":{"line":179,"column":19},"end":{"line":179,"column":null}},"65":{"start":{"line":180,"column":16},"end":{"line":180,"column":null}},"66":{"start":{"line":181,"column":4},"end":{"line":181,"column":null}},"67":{"start":{"line":181,"column":32},"end":{"line":181,"column":63}}},"fnMap":{"0":{"name":"isPlainObject","decl":{"start":{"line":17,"column":9},"end":{"line":17,"column":23}},"loc":{"start":{"line":17,"column":65},"end":{"line":21,"column":null}},"line":17},"1":{"name":"sanitizeValue","decl":{"start":{"line":31,"column":16},"end":{"line":31,"column":30}},"loc":{"start":{"line":31,"column":53},"end":{"line":87,"column":null}},"line":31},"2":{"name":"(anonymous_2)","decl":{"start":{"line":54,"column":21},"end":{"line":54,"column":22}},"loc":{"start":{"line":54,"column":31},"end":{"line":57,"column":9}},"line":54},"3":{"name":"canonicalStringify","decl":{"start":{"line":93,"column":16},"end":{"line":93,"column":35}},"loc":{"start":{"line":93,"column":57},"end":{"line":124,"column":null}},"line":93},"4":{"name":"(anonymous_4)","decl":{"start":{"line":122,"column":13},"end":{"line":122,"column":14}},"loc":{"start":{"line":122,"column":20},"end":{"line":122,"column":101}},"line":122},"5":{"name":"getIdentityObject","decl":{"start":{"line":131,"column":9},"end":{"line":131,"column":27}},"loc":{"start":{"line":131,"column":44},"end":{"line":163,"column":null}},"line":131},"6":{"name":"computeNodeId","decl":{"start":{"line":165,"column":22},"end":{"line":165,"column":36}},"loc":{"start":{"line":165,"column":70},"end":{"line":171,"column":null}},"line":165},"7":{"name":"simpleSha256","decl":{"start":{"line":177,"column":22},"end":{"line":177,"column":35}},"loc":{"start":{"line":177,"column":65},"end":{"line":182,"column":null}},"line":177},"8":{"name":"(anonymous_8)","decl":{"start":{"line":181,"column":27},"end":{"line":181,"column":32}},"loc":{"start":{"line":181,"column":32},"end":{"line":181,"column":63}},"line":181}},"branchMap":{"0":{"loc":{"start":{"line":18,"column":4},"end":{"line":18,"column":null}},"type":"if","locations":[{"start":{"line":18,"column":4},"end":{"line":18,"column":null}},{"start":{},"end":{}}],"line":18},"1":{"loc":{"start":{"line":18,"column":8},"end":{"line":18,"column":45}},"type":"binary-expr","locations":[{"start":{"line":18,"column":8},"end":{"line":18,"column":33}},{"start":{"line":18,"column":33},"end":{"line":18,"column":45}}],"line":18},"2":{"loc":{"start":{"line":20,"column":11},"end":{"line":20,"column":null}},"type":"binary-expr","locations":[{"start":{"line":20,"column":11},"end":{"line":20,"column":41}},{"start":{"line":20,"column":41},"end":{"line":20,"column":null}}],"line":20},"3":{"loc":{"start":{"line":32,"column":4},"end":{"line":32,"column":null}},"type":"if","locations":[{"start":{"line":32,"column":4},"end":{"line":32,"column":null}},{"start":{},"end":{}}],"line":32},"4":{"loc":{"start":{"line":34,"column":4},"end":{"line":51,"column":null}},"type":"switch","locations":[{"start":{"line":35,"column":8},"end":{"line":35,"column":null}},{"start":{"line":36,"column":8},"end":{"line":37,"column":null}},{"start":{"line":39,"column":8},"end":{"line":42,"column":null}},{"start":{"line":44,"column":8},"end":{"line":45,"column":null}},{"start":{"line":47,"column":8},"end":{"line":47,"column":null}},{"start":{"line":48,"column":8},"end":{"line":48,"column":null}},{"start":{"line":49,"column":8},"end":{"line":50,"column":null}}],"line":34},"5":{"loc":{"start":{"line":40,"column":12},"end":{"line":40,"column":null}},"type":"if","locations":[{"start":{"line":40,"column":12},"end":{"line":40,"column":null}},{"start":{},"end":{}}],"line":40},"6":{"loc":{"start":{"line":41,"column":19},"end":{"line":41,"column":null}},"type":"cond-expr","locations":[{"start":{"line":41,"column":38},"end":{"line":41,"column":42}},{"start":{"line":41,"column":42},"end":{"line":41,"column":null}}],"line":41},"7":{"loc":{"start":{"line":53,"column":4},"end":{"line":58,"column":null}},"type":"if","locations":[{"start":{"line":53,"column":4},"end":{"line":58,"column":null}},{"start":{},"end":{}}],"line":53},"8":{"loc":{"start":{"line":55,"column":12},"end":{"line":55,"column":null}},"type":"if","locations":[{"start":{"line":55,"column":12},"end":{"line":55,"column":null}},{"start":{},"end":{}}],"line":55},"9":{"loc":{"start":{"line":61,"column":4},"end":{"line":63,"column":null}},"type":"if","locations":[{"start":{"line":61,"column":4},"end":{"line":63,"column":null}},{"start":{},"end":{}}],"line":61},"10":{"loc":{"start":{"line":61,"column":8},"end":{"line":61,"column":59}},"type":"binary-expr","locations":[{"start":{"line":61,"column":8},"end":{"line":61,"column":33}},{"start":{"line":61,"column":33},"end":{"line":61,"column":59}}],"line":61},"11":{"loc":{"start":{"line":66,"column":4},"end":{"line":69,"column":null}},"type":"if","locations":[{"start":{"line":66,"column":4},"end":{"line":69,"column":null}},{"start":{},"end":{}}],"line":66},"12":{"loc":{"start":{"line":67,"column":22},"end":{"line":67,"column":null}},"type":"binary-expr","locations":[{"start":{"line":67,"column":22},"end":{"line":67,"column":54}},{"start":{"line":67,"column":54},"end":{"line":67,"column":null}}],"line":67},"13":{"loc":{"start":{"line":72,"column":4},"end":{"line":74,"column":null}},"type":"if","locations":[{"start":{"line":72,"column":4},"end":{"line":74,"column":null}},{"start":{},"end":{}}],"line":72},"14":{"loc":{"start":{"line":78,"column":8},"end":{"line":80,"column":null}},"type":"if","locations":[{"start":{"line":78,"column":8},"end":{"line":80,"column":null}},{"start":{},"end":{}}],"line":78},"15":{"loc":{"start":{"line":78,"column":12},"end":{"line":78,"column":75}},"type":"binary-expr","locations":[{"start":{"line":78,"column":12},"end":{"line":78,"column":33}},{"start":{"line":78,"column":33},"end":{"line":78,"column":54}},{"start":{"line":78,"column":54},"end":{"line":78,"column":75}}],"line":78},"16":{"loc":{"start":{"line":82,"column":8},"end":{"line":84,"column":null}},"type":"if","locations":[{"start":{"line":82,"column":8},"end":{"line":84,"column":null}},{"start":{},"end":{}}],"line":82},"17":{"loc":{"start":{"line":94,"column":4},"end":{"line":94,"column":null}},"type":"if","locations":[{"start":{"line":94,"column":4},"end":{"line":94,"column":null}},{"start":{},"end":{}}],"line":94},"18":{"loc":{"start":{"line":97,"column":4},"end":{"line":99,"column":null}},"type":"if","locations":[{"start":{"line":97,"column":4},"end":{"line":99,"column":null}},{"start":{},"end":{}}],"line":97},"19":{"loc":{"start":{"line":97,"column":8},"end":{"line":97,"column":61}},"type":"binary-expr","locations":[{"start":{"line":97,"column":8},"end":{"line":97,"column":26}},{"start":{"line":97,"column":26},"end":{"line":97,"column":44}},{"start":{"line":97,"column":44},"end":{"line":97,"column":61}}],"line":97},"20":{"loc":{"start":{"line":100,"column":4},"end":{"line":102,"column":null}},"type":"if","locations":[{"start":{"line":100,"column":4},"end":{"line":102,"column":null}},{"start":{},"end":{}}],"line":100},"21":{"loc":{"start":{"line":103,"column":4},"end":{"line":105,"column":null}},"type":"if","locations":[{"start":{"line":103,"column":4},"end":{"line":105,"column":null}},{"start":{},"end":{}}],"line":103},"22":{"loc":{"start":{"line":103,"column":8},"end":{"line":103,"column":62}},"type":"binary-expr","locations":[{"start":{"line":103,"column":8},"end":{"line":103,"column":26}},{"start":{"line":103,"column":26},"end":{"line":103,"column":44}},{"start":{"line":103,"column":44},"end":{"line":103,"column":62}}],"line":103},"23":{"loc":{"start":{"line":107,"column":4},"end":{"line":109,"column":null}},"type":"if","locations":[{"start":{"line":107,"column":4},"end":{"line":109,"column":null}},{"start":{},"end":{}}],"line":107},"24":{"loc":{"start":{"line":111,"column":4},"end":{"line":114,"column":null}},"type":"if","locations":[{"start":{"line":111,"column":4},"end":{"line":114,"column":null}},{"start":{},"end":{}}],"line":111},"25":{"loc":{"start":{"line":112,"column":22},"end":{"line":112,"column":null}},"type":"binary-expr","locations":[{"start":{"line":112,"column":22},"end":{"line":112,"column":56}},{"start":{"line":112,"column":56},"end":{"line":112,"column":null}}],"line":112},"26":{"loc":{"start":{"line":116,"column":4},"end":{"line":118,"column":null}},"type":"if","locations":[{"start":{"line":116,"column":4},"end":{"line":118,"column":null}},{"start":{},"end":{}}],"line":116},"27":{"loc":{"start":{"line":140,"column":4},"end":{"line":142,"column":null}},"type":"if","locations":[{"start":{"line":140,"column":4},"end":{"line":142,"column":null}},{"start":{},"end":{}}],"line":140},"28":{"loc":{"start":{"line":145,"column":4},"end":{"line":151,"column":null}},"type":"if","locations":[{"start":{"line":145,"column":4},"end":{"line":151,"column":null}},{"start":{},"end":{}}],"line":145}},"s":{"0":4621,"1":0,"2":4621,"3":4621,"4":10602,"5":2,"6":10600,"7":6043,"8":723,"9":5,"10":718,"11":0,"12":4,"13":3830,"14":1067,"15":2513,"16":2,"17":2511,"18":2763,"19":3,"20":2760,"21":3,"22":3,"23":2757,"24":0,"25":2757,"26":2757,"27":7850,"28":4,"29":7846,"30":7846,"31":7272,"32":2746,"33":7105,"34":2,"35":7103,"36":7103,"37":4517,"38":2586,"39":1,"40":2585,"41":1,"42":2584,"43":723,"44":1861,"45":1,"46":1,"47":1860,"48":1,"49":1859,"50":1859,"51":4873,"52":538,"53":538,"54":538,"55":152,"56":538,"57":122,"58":538,"59":538,"60":538,"61":538,"62":538,"63":538,"64":538,"65":538,"66":538,"67":17216},"f":{"0":4621,"1":10602,"2":2513,"3":7105,"4":4873,"5":538,"6":538,"7":538,"8":17216},"b":{"0":[0,4621],"1":[4621,4621],"2":[4621,2514],"3":[2,10600],"4":[6040,6043,723,0,2,3,4],"5":[5,718],"6":[2,716],"7":[1067,2763],"8":[2,2511],"9":[3,2760],"10":[2763,2761],"11":[3,2757],"12":[3,0],"13":[0,2757],"14":[4,7846],"15":[7850,7848,7847],"16":[7272,574],"17":[2,7103],"18":[4517,2586],"19":[7103,3064,2588],"20":[1,2585],"21":[1,2584],"22":[2585,2584,2584],"23":[723,1861],"24":[1,1860],"25":[1,0],"26":[1,1859],"27":[152,386],"28":[122,416]},"meta":{"lastBranch":29,"lastFunction":9,"lastStatement":68,"seen":{"f:17:9:17:23":0,"b:18:4:18:Infinity:undefined:undefined:undefined:undefined":0,"s:18:4:18:Infinity":0,"b:18:8:18:33:18:33:18:45":1,"s:18:45:18:Infinity":1,"s:19:18:19:Infinity":2,"s:20:4:20:Infinity":3,"b:20:11:20:41:20:41:20:Infinity":2,"f:31:16:31:30":1,"b:32:4:32:Infinity:undefined:undefined:undefined:undefined":3,"s:32:4:32:Infinity":4,"s:32:20:32:Infinity":5,"b:35:8:35:Infinity:36:8:37:Infinity:39:8:42:Infinity:44:8:45:Infinity:47:8:47:Infinity:48:8:48:Infinity:49:8:50:Infinity":4,"s:34:4:51:Infinity":6,"s:37:12:37:Infinity":7,"b:40:12:40:Infinity:undefined:undefined:undefined:undefined":5,"s:40:12:40:Infinity":8,"s:40:37:40:Infinity":9,"s:41:12:41:Infinity":10,"b:41:38:41:42:41:42:41:Infinity":6,"s:45:12:45:Infinity":11,"s:50:12:50:Infinity":12,"b:53:4:58:Infinity:undefined:undefined:undefined:undefined":7,"s:53:4:58:Infinity":13,"s:54:8:57:Infinity":14,"f:54:21:54:22":2,"b:55:12:55:Infinity:undefined:undefined:undefined:undefined":8,"s:55:12:55:Infinity":15,"s:55:36:55:Infinity":16,"s:56:12:56:Infinity":17,"b:61:4:63:Infinity:undefined:undefined:undefined:undefined":9,"s:61:4:63:Infinity":18,"b:61:8:61:33:61:33:61:59":10,"s:62:8:62:Infinity":19,"b:66:4:69:Infinity:undefined:undefined:undefined:undefined":11,"s:66:4:69:Infinity":20,"s:67:22:67:Infinity":21,"b:67:22:67:54:67:54:67:Infinity":12,"s:68:8:68:Infinity":22,"b:72:4:74:Infinity:undefined:undefined:undefined:undefined":13,"s:72:4:74:Infinity":23,"s:73:8:73:Infinity":24,"s:76:16:76:Infinity":25,"s:77:4:85:Infinity":26,"b:78:8:80:Infinity:undefined:undefined:undefined:undefined":14,"s:78:8:80:Infinity":27,"b:78:12:78:33:78:33:78:54:78:54:78:75":15,"s:79:12:79:Infinity":28,"s:81:21:81:Infinity":29,"b:82:8:84:Infinity:undefined:undefined:undefined:undefined":16,"s:82:8:84:Infinity":30,"s:83:12:83:Infinity":31,"s:86:4:86:Infinity":32,"f:93:16:93:35":3,"b:94:4:94:Infinity:undefined:undefined:undefined:undefined":17,"s:94:4:94:Infinity":33,"s:94:22:94:Infinity":34,"s:96:14:96:Infinity":35,"b:97:4:99:Infinity:undefined:undefined:undefined:undefined":18,"s:97:4:99:Infinity":36,"b:97:8:97:26:97:26:97:44:97:44:97:61":19,"s:98:8:98:Infinity":37,"b:100:4:102:Infinity:undefined:undefined:undefined:undefined":20,"s:100:4:102:Infinity":38,"s:101:8:101:Infinity":39,"b:103:4:105:Infinity:undefined:undefined:undefined:undefined":21,"s:103:4:105:Infinity":40,"b:103:8:103:26:103:26:103:44:103:44:103:62":22,"s:104:8:104:Infinity":41,"b:107:4:109:Infinity:undefined:undefined:undefined:undefined":23,"s:107:4:109:Infinity":42,"s:108:8:108:Infinity":43,"b:111:4:114:Infinity:undefined:undefined:undefined:undefined":24,"s:111:4:114:Infinity":44,"s:112:22:112:Infinity":45,"b:112:22:112:56:112:56:112:Infinity":25,"s:113:8:113:Infinity":46,"b:116:4:118:Infinity:undefined:undefined:undefined:undefined":26,"s:116:4:118:Infinity":47,"s:117:8:117:Infinity":48,"s:120:17:120:Infinity":49,"s:121:4:123:Infinity":50,"f:122:13:122:14":4,"s:122:20:122:101":51,"f:131:9:131:27":5,"s:133:19:133:Infinity":52,"s:136:28:138:Infinity":53,"b:140:4:142:Infinity:undefined:undefined:undefined:undefined":27,"s:140:4:142:Infinity":54,"s:141:8:141:Infinity":55,"b:145:4:151:Infinity:undefined:undefined:undefined:undefined":28,"s:145:4:151:Infinity":56,"s:146:8:150:Infinity":57,"s:154:21:159:Infinity":58,"s:162:4:162:Infinity":59,"f:165:22:165:36":6,"s:166:21:166:Infinity":60,"s:167:23:167:Infinity":61,"s:170:4:170:Infinity":62,"f:177:22:177:35":7,"s:178:19:178:Infinity":63,"s:179:19:179:Infinity":64,"s:180:16:180:Infinity":65,"s:181:4:181:Infinity":66,"f:181:27:181:32":8,"s:181:32:181:63":67}}}
,"C:\\Users\\Loritamus\\Desktop\\AI project\\src\\engine\\invariants.ts": {"path":"C:\\Users\\Loritamus\\Desktop\\AI project\\src\\engine\\invariants.ts","statementMap":{"0":{"start":{"line":9,"column":17},"end":{"line":9,"column":null}},"1":{"start":{"line":10,"column":4},"end":{"line":10,"column":null}},"2":{"start":{"line":10,"column":57},"end":{"line":10,"column":null}},"3":{"start":{"line":12,"column":23},"end":{"line":12,"column":null}},"4":{"start":{"line":13,"column":4},"end":{"line":13,"column":null}},"5":{"start":{"line":13,"column":40},"end":{"line":13,"column":null}},"6":{"start":{"line":16,"column":20},"end":{"line":16,"column":null}},"7":{"start":{"line":19,"column":21},"end":{"line":19,"column":null}},"8":{"start":{"line":20,"column":4},"end":{"line":22,"column":null}},"9":{"start":{"line":21,"column":8},"end":{"line":21,"column":null}},"10":{"start":{"line":25,"column":4},"end":{"line":30,"column":null}},"11":{"start":{"line":26,"column":22},"end":{"line":26,"column":null}},"12":{"start":{"line":27,"column":8},"end":{"line":29,"column":null}},"13":{"start":{"line":28,"column":12},"end":{"line":28,"column":null}},"14":{"start":{"line":33,"column":19},"end":{"line":33,"column":null}},"15":{"start":{"line":33,"column":39},"end":{"line":33,"column":64}},"16":{"start":{"line":34,"column":25},"end":{"line":37,"column":null}},"17":{"start":{"line":35,"column":25},"end":{"line":35,"column":null}},"18":{"start":{"line":36,"column":8},"end":{"line":36,"column":null}},"19":{"start":{"line":39,"column":4},"end":{"line":41,"column":null}},"20":{"start":{"line":40,"column":8},"end":{"line":40,"column":null}},"21":{"start":{"line":48,"column":20},"end":{"line":48,"column":null}},"22":{"start":{"line":49,"column":18},"end":{"line":49,"column":null}},"23":{"start":{"line":50,"column":22},"end":{"line":50,"column":null}},"24":{"start":{"line":52,"column":25},"end":{"line":52,"column":null}},"25":{"start":{"line":53,"column":4},"end":{"line":53,"column":null}},"26":{"start":{"line":53,"column":23},"end":{"line":53,"column":null}},"27":{"start":{"line":56,"column":4},"end":{"line":56,"column":null}},"28":{"start":{"line":56,"column":46},"end":{"line":56,"column":null}},"29":{"start":{"line":58,"column":4},"end":{"line":88,"column":null}},"30":{"start":{"line":59,"column":19},"end":{"line":59,"column":null}},"31":{"start":{"line":60,"column":8},"end":{"line":60,"column":null}},"32":{"start":{"line":60,"column":29},"end":{"line":60,"column":null}},"33":{"start":{"line":61,"column":8},"end":{"line":61,"column":null}},"34":{"start":{"line":63,"column":21},"end":{"line":63,"column":null}},"35":{"start":{"line":64,"column":8},"end":{"line":64,"column":null}},"36":{"start":{"line":64,"column":19},"end":{"line":64,"column":null}},"37":{"start":{"line":67,"column":8},"end":{"line":83,"column":null}},"38":{"start":{"line":71,"column":31},"end":{"line":71,"column":null}},"39":{"start":{"line":72,"column":12},"end":{"line":82,"column":null}},"40":{"start":{"line":74,"column":16},"end":{"line":81,"column":null}},"41":{"start":{"line":75,"column":20},"end":{"line":77,"column":null}},"42":{"start":{"line":76,"column":24},"end":{"line":76,"column":null}},"43":{"start":{"line":80,"column":20},"end":{"line":80,"column":null}},"44":{"start":{"line":85,"column":8},"end":{"line":87,"column":null}},"45":{"start":{"line":86,"column":12},"end":{"line":86,"column":null}},"46":{"start":{"line":90,"column":4},"end":{"line":92,"column":null}},"47":{"start":{"line":91,"column":8},"end":{"line":91,"column":null}},"48":{"start":{"line":99,"column":17},"end":{"line":99,"column":null}},"49":{"start":{"line":100,"column":4},"end":{"line":100,"column":null}},"50":{"start":{"line":100,"column":15},"end":{"line":100,"column":null}},"51":{"start":{"line":102,"column":23},"end":{"line":102,"column":null}},"52":{"start":{"line":103,"column":4},"end":{"line":103,"column":null}},"53":{"start":{"line":103,"column":40},"end":{"line":103,"column":null}},"54":{"start":{"line":105,"column":4},"end":{"line":110,"column":null}},"55":{"start":{"line":106,"column":26},"end":{"line":106,"column":null}},"56":{"start":{"line":107,"column":8},"end":{"line":109,"column":null}},"57":{"start":{"line":108,"column":12},"end":{"line":108,"column":null}}},"fnMap":{"0":{"name":"assertAnswerIntegrity","decl":{"start":{"line":8,"column":16},"end":{"line":8,"column":38}},"loc":{"start":{"line":8,"column":75},"end":{"line":42,"column":null}},"line":8},"1":{"name":"(anonymous_1)","decl":{"start":{"line":33,"column":32},"end":{"line":33,"column":39}},"loc":{"start":{"line":33,"column":39},"end":{"line":33,"column":64}},"line":33},"2":{"name":"(anonymous_2)","decl":{"start":{"line":34,"column":36},"end":{"line":34,"column":41}},"loc":{"start":{"line":34,"column":41},"end":{"line":37,"column":5}},"line":34},"3":{"name":"assertSupportClosure","decl":{"start":{"line":47,"column":16},"end":{"line":47,"column":37}},"loc":{"start":{"line":47,"column":68},"end":{"line":93,"column":null}},"line":47},"4":{"name":"assertNoInvalidInputs","decl":{"start":{"line":98,"column":16},"end":{"line":98,"column":38}},"loc":{"start":{"line":98,"column":69},"end":{"line":111,"column":null}},"line":98}},"branchMap":{"0":{"loc":{"start":{"line":10,"column":4},"end":{"line":10,"column":null}},"type":"if","locations":[{"start":{"line":10,"column":4},"end":{"line":10,"column":null}},{"start":{},"end":{}}],"line":10},"1":{"loc":{"start":{"line":10,"column":8},"end":{"line":10,"column":57}},"type":"binary-expr","locations":[{"start":{"line":10,"column":8},"end":{"line":10,"column":17}},{"start":{"line":10,"column":17},"end":{"line":10,"column":57}}],"line":10},"2":{"loc":{"start":{"line":13,"column":4},"end":{"line":13,"column":null}},"type":"if","locations":[{"start":{"line":13,"column":4},"end":{"line":13,"column":null}},{"start":{},"end":{}}],"line":13},"3":{"loc":{"start":{"line":20,"column":4},"end":{"line":22,"column":null}},"type":"if","locations":[{"start":{"line":20,"column":4},"end":{"line":22,"column":null}},{"start":{},"end":{}}],"line":20},"4":{"loc":{"start":{"line":20,"column":8},"end":{"line":20,"column":44}},"type":"binary-expr","locations":[{"start":{"line":20,"column":8},"end":{"line":20,"column":21}},{"start":{"line":20,"column":21},"end":{"line":20,"column":44}}],"line":20},"5":{"loc":{"start":{"line":27,"column":8},"end":{"line":29,"column":null}},"type":"if","locations":[{"start":{"line":27,"column":8},"end":{"line":29,"column":null}},{"start":{},"end":{}}],"line":27},"6":{"loc":{"start":{"line":39,"column":4},"end":{"line":41,"column":null}},"type":"if","locations":[{"start":{"line":39,"column":4},"end":{"line":41,"column":null}},{"start":{},"end":{}}],"line":39},"7":{"loc":{"start":{"line":53,"column":4},"end":{"line":53,"column":null}},"type":"if","locations":[{"start":{"line":53,"column":4},"end":{"line":53,"column":null}},{"start":{},"end":{}}],"line":53},"8":{"loc":{"start":{"line":56,"column":4},"end":{"line":56,"column":null}},"type":"if","locations":[{"start":{"line":56,"column":4},"end":{"line":56,"column":null}},{"start":{},"end":{}}],"line":56},"9":{"loc":{"start":{"line":60,"column":8},"end":{"line":60,"column":null}},"type":"if","locations":[{"start":{"line":60,"column":8},"end":{"line":60,"column":null}},{"start":{},"end":{}}],"line":60},"10":{"loc":{"start":{"line":64,"column":8},"end":{"line":64,"column":null}},"type":"if","locations":[{"start":{"line":64,"column":8},"end":{"line":64,"column":null}},{"start":{},"end":{}}],"line":64},"11":{"loc":{"start":{"line":67,"column":8},"end":{"line":83,"column":null}},"type":"if","locations":[{"start":{"line":67,"column":8},"end":{"line":83,"column":null}},{"start":{},"end":{}}],"line":67},"12":{"loc":{"start":{"line":67,"column":12},"end":{"line":69,"column":50}},"type":"binary-expr","locations":[{"start":{"line":67,"column":12},"end":{"line":67,"column":null}},{"start":{"line":68,"column":12},"end":{"line":68,"column":null}},{"start":{"line":69,"column":12},"end":{"line":69,"column":50}}],"line":67},"13":{"loc":{"start":{"line":72,"column":12},"end":{"line":82,"column":null}},"type":"if","locations":[{"start":{"line":72,"column":12},"end":{"line":82,"column":null}},{"start":{},"end":{}}],"line":72},"14":{"loc":{"start":{"line":74,"column":16},"end":{"line":81,"column":null}},"type":"if","locations":[{"start":{"line":74,"column":16},"end":{"line":81,"column":null}},{"start":{"line":78,"column":23},"end":{"line":81,"column":null}}],"line":74},"15":{"loc":{"start":{"line":75,"column":20},"end":{"line":77,"column":null}},"type":"if","locations":[{"start":{"line":75,"column":20},"end":{"line":77,"column":null}},{"start":{},"end":{}}],"line":75},"16":{"loc":{"start":{"line":90,"column":4},"end":{"line":92,"column":null}},"type":"if","locations":[{"start":{"line":90,"column":4},"end":{"line":92,"column":null}},{"start":{},"end":{}}],"line":90},"17":{"loc":{"start":{"line":100,"column":4},"end":{"line":100,"column":null}},"type":"if","locations":[{"start":{"line":100,"column":4},"end":{"line":100,"column":null}},{"start":{},"end":{}}],"line":100},"18":{"loc":{"start":{"line":103,"column":4},"end":{"line":103,"column":null}},"type":"if","locations":[{"start":{"line":103,"column":4},"end":{"line":103,"column":null}},{"start":{},"end":{}}],"line":103},"19":{"loc":{"start":{"line":107,"column":8},"end":{"line":109,"column":null}},"type":"if","locations":[{"start":{"line":107,"column":8},"end":{"line":109,"column":null}},{"start":{},"end":{}}],"line":107}},"s":{"0":23,"1":23,"2":3,"3":20,"4":20,"5":0,"6":20,"7":20,"8":20,"9":2,"10":18,"11":18,"12":18,"13":0,"14":18,"15":18,"16":18,"17":18,"18":18,"19":18,"20":2,"21":201,"22":201,"23":201,"24":201,"25":201,"26":1,"27":200,"28":181,"29":19,"30":182,"31":182,"32":48,"33":134,"34":134,"35":134,"36":0,"37":134,"38":35,"39":35,"40":32,"41":31,"42":30,"43":1,"44":134,"45":163,"46":19,"47":3,"48":199,"49":199,"50":1,"51":198,"52":198,"53":0,"54":198,"55":231,"56":231,"57":8},"f":{"0":23,"1":18,"2":18,"3":201,"4":199},"b":{"0":[3,20],"1":[23,22],"2":[0,20],"3":[2,18],"4":[20,20],"5":[0,18],"6":[2,16],"7":[1,200],"8":[181,19],"9":[48,134],"10":[0,134],"11":[35,99],"12":[134,134,117],"13":[32,3],"14":[31,1],"15":[30,1],"16":[3,16],"17":[1,198],"18":[0,198],"19":[8,223]},"meta":{"lastBranch":20,"lastFunction":5,"lastStatement":58,"seen":{"f:8:16:8:38":0,"s:9:17:9:Infinity":0,"b:10:4:10:Infinity:undefined:undefined:undefined:undefined":0,"s:10:4:10:Infinity":1,"b:10:8:10:17:10:17:10:57":1,"s:10:57:10:Infinity":2,"s:12:23:12:Infinity":3,"b:13:4:13:Infinity:undefined:undefined:undefined:undefined":2,"s:13:4:13:Infinity":4,"s:13:40:13:Infinity":5,"s:16:20:16:Infinity":6,"s:19:21:19:Infinity":7,"b:20:4:22:Infinity:undefined:undefined:undefined:undefined":3,"s:20:4:22:Infinity":8,"b:20:8:20:21:20:21:20:44":4,"s:21:8:21:Infinity":9,"s:25:4:30:Infinity":10,"s:26:22:26:Infinity":11,"b:27:8:29:Infinity:undefined:undefined:undefined:undefined":5,"s:27:8:29:Infinity":12,"s:28:12:28:Infinity":13,"s:33:19:33:Infinity":14,"f:33:32:33:39":1,"s:33:39:33:64":15,"s:34:25:37:Infinity":16,"f:34:36:34:41":2,"s:35:25:35:Infinity":17,"s:36:8:36:Infinity":18,"b:39:4:41:Infinity:undefined:undefined:undefined:undefined":6,"s:39:4:41:Infinity":19,"s:40:8:40:Infinity":20,"f:47:16:47:37":3,"s:48:20:48:Infinity":21,"s:49:18:49:Infinity":22,"s:50:22:50:Infinity":23,"s:52:25:52:Infinity":24,"b:53:4:53:Infinity:undefined:undefined:undefined:undefined":7,"s:53:4:53:Infinity":25,"s:53:23:53:Infinity":26,"b:56:4:56:Infinity:undefined:undefined:undefined:undefined":8,"s:56:4:56:Infinity":27,"s:56:46:56:Infinity":28,"s:58:4:88:Infinity":29,"s:59:19:59:Infinity":30,"b:60:8:60:Infinity:undefined:undefined:undefined:undefined":9,"s:60:8:60:Infinity":31,"s:60:29:60:Infinity":32,"s:61:8:61:Infinity":33,"s:63:21:63:Infinity":34,"b:64:8:64:Infinity:undefined:undefined:undefined:undefined":10,"s:64:8:64:Infinity":35,"s:64:19:64:Infinity":36,"b:67:8:83:Infinity:undefined:undefined:undefined:undefined":11,"s:67:8:83:Infinity":37,"b:67:12:67:Infinity:68:12:68:Infinity:69:12:69:50":12,"s:71:31:71:Infinity":38,"b:72:12:82:Infinity:undefined:undefined:undefined:undefined":13,"s:72:12:82:Infinity":39,"b:74:16:81:Infinity:78:23:81:Infinity":14,"s:74:16:81:Infinity":40,"b:75:20:77:Infinity:undefined:undefined:undefined:undefined":15,"s:75:20:77:Infinity":41,"s:76:24:76:Infinity":42,"s:80:20:80:Infinity":43,"s:85:8:87:Infinity":44,"s:86:12:86:Infinity":45,"b:90:4:92:Infinity:undefined:undefined:undefined:undefined":16,"s:90:4:92:Infinity":46,"s:91:8:91:Infinity":47,"f:98:16:98:38":4,"s:99:17:99:Infinity":48,"b:100:4:100:Infinity:undefined:undefined:undefined:undefined":17,"s:100:4:100:Infinity":49,"s:100:15:100:Infinity":50,"s:102:23:102:Infinity":51,"b:103:4:103:Infinity:undefined:undefined:undefined:undefined":18,"s:103:4:103:Infinity":52,"s:103:40:103:Infinity":53,"s:105:4:110:Infinity":54,"s:106:26:106:Infinity":55,"b:107:8:109:Infinity:undefined:undefined:undefined:undefined":19,"s:107:8:109:Infinity":56,"s:108:12:108:Infinity":57}}}
,"C:\\Users\\Loritamus\\Desktop\\AI project\\src\\engine\\pipeline.ts": {"path":"C:\\Users\\Loritamus\\Desktop\\AI project\\src\\engine\\pipeline.ts","statementMap":{"0":{"start":{"line":17,"column":25},"end":{"line":17,"column":null}},"1":{"start":{"line":18,"column":25},"end":{"line":18,"column":null}},"2":{"start":{"line":21,"column":26},"end":{"line":21,"column":null}},"3":{"start":{"line":22,"column":8},"end":{"line":22,"column":null}},"4":{"start":{"line":22,"column":47},"end":{"line":22,"column":51}},"5":{"start":{"line":25,"column":23},"end":{"line":25,"column":null}},"6":{"start":{"line":26,"column":8},"end":{"line":26,"column":null}},"7":{"start":{"line":26,"column":21},"end":{"line":26,"column":null}},"8":{"start":{"line":27,"column":25},"end":{"line":27,"column":null}},"9":{"start":{"line":30,"column":26},"end":{"line":30,"column":null}},"10":{"start":{"line":33,"column":27},"end":{"line":33,"column":null}},"11":{"start":{"line":36,"column":8},"end":{"line":36,"column":null}},"12":{"start":{"line":39,"column":8},"end":{"line":39,"column":null}},"13":{"start":{"line":42,"column":8},"end":{"line":42,"column":null}},"14":{"start":{"line":45,"column":8},"end":{"line":45,"column":null}},"15":{"start":{"line":49,"column":25},"end":{"line":49,"column":null}},"16":{"start":{"line":50,"column":25},"end":{"line":50,"column":null}},"17":{"start":{"line":50,"column":46},"end":{"line":50,"column":73}},"18":{"start":{"line":52,"column":47},"end":{"line":52,"column":null}},"19":{"start":{"line":53,"column":8},"end":{"line":55,"column":null}},"20":{"start":{"line":54,"column":12},"end":{"line":54,"column":null}},"21":{"start":{"line":57,"column":27},"end":{"line":57,"column":null}},"22":{"start":{"line":57,"column":46},"end":{"line":57,"column":81}},"23":{"start":{"line":58,"column":27},"end":{"line":58,"column":null}},"24":{"start":{"line":61,"column":17},"end":{"line":61,"column":null}},"25":{"start":{"line":62,"column":17},"end":{"line":62,"column":null}},"26":{"start":{"line":63,"column":17},"end":{"line":63,"column":null}},"27":{"start":{"line":65,"column":8},"end":{"line":73,"column":null}},"28":{"start":{"line":66,"column":23},"end":{"line":66,"column":null}},"29":{"start":{"line":67,"column":12},"end":{"line":72,"column":null}},"30":{"start":{"line":68,"column":32},"end":{"line":68,"column":null}},"31":{"start":{"line":69,"column":16},"end":{"line":69,"column":null}},"32":{"start":{"line":69,"column":74},"end":{"line":69,"column":null}},"33":{"start":{"line":70,"column":16},"end":{"line":70,"column":null}},"34":{"start":{"line":70,"column":75},"end":{"line":70,"column":null}},"35":{"start":{"line":71,"column":16},"end":{"line":71,"column":null}},"36":{"start":{"line":71,"column":75},"end":{"line":71,"column":null}},"37":{"start":{"line":75,"column":27},"end":{"line":89,"column":null}},"38":{"start":{"line":87,"column":30},"end":{"line":87,"column":34}},"39":{"start":{"line":91,"column":8},"end":{"line":91,"column":null}},"40":{"start":{"line":92,"column":8},"end":{"line":92,"column":null}},"41":{"start":{"line":96,"column":25},"end":{"line":96,"column":null}},"42":{"start":{"line":97,"column":8},"end":{"line":131,"column":null}},"43":{"start":{"line":98,"column":31},"end":{"line":98,"column":null}},"44":{"start":{"line":99,"column":12},"end":{"line":130,"column":null}},"45":{"start":{"line":100,"column":16},"end":{"line":129,"column":null}},"46":{"start":{"line":101,"column":33},"end":{"line":101,"column":null}},"47":{"start":{"line":102,"column":20},"end":{"line":102,"column":null}},"48":{"start":{"line":102,"column":31},"end":{"line":102,"column":null}},"49":{"start":{"line":105,"column":20},"end":{"line":105,"column":null}},"50":{"start":{"line":107,"column":20},"end":{"line":107,"column":null}},"51":{"start":{"line":109,"column":20},"end":{"line":112,"column":null}},"52":{"start":{"line":111,"column":24},"end":{"line":111,"column":null}},"53":{"start":{"line":115,"column":30},"end":{"line":115,"column":null}},"54":{"start":{"line":116,"column":20},"end":{"line":118,"column":null}},"55":{"start":{"line":117,"column":24},"end":{"line":117,"column":null}},"56":{"start":{"line":119,"column":20},"end":{"line":121,"column":null}},"57":{"start":{"line":120,"column":24},"end":{"line":120,"column":null}},"58":{"start":{"line":124,"column":20},"end":{"line":124,"column":null}},"59":{"start":{"line":125,"column":20},"end":{"line":128,"column":null}},"60":{"start":{"line":135,"column":22},"end":{"line":140,"column":null}},"61":{"start":{"line":141,"column":8},"end":{"line":141,"column":null}},"62":{"start":{"line":142,"column":8},"end":{"line":142,"column":null}},"63":{"start":{"line":144,"column":30},"end":{"line":144,"column":null}},"64":{"start":{"line":145,"column":8},"end":{"line":155,"column":null}},"65":{"start":{"line":146,"column":26},"end":{"line":151,"column":null}},"66":{"start":{"line":152,"column":12},"end":{"line":152,"column":null}},"67":{"start":{"line":153,"column":12},"end":{"line":153,"column":null}},"68":{"start":{"line":154,"column":12},"end":{"line":154,"column":null}},"69":{"start":{"line":157,"column":8},"end":{"line":157,"column":null}},"70":{"start":{"line":161,"column":32},"end":{"line":161,"column":null}},"71":{"start":{"line":163,"column":26},"end":{"line":175,"column":null}},"72":{"start":{"line":176,"column":8},"end":{"line":176,"column":null}},"73":{"start":{"line":177,"column":8},"end":{"line":177,"column":null}},"74":{"start":{"line":179,"column":8},"end":{"line":192,"column":null}},"75":{"start":{"line":180,"column":26},"end":{"line":180,"column":null}},"76":{"start":{"line":181,"column":32},"end":{"line":181,"column":null}},"77":{"start":{"line":183,"column":28},"end":{"line":188,"column":null}},"78":{"start":{"line":189,"column":12},"end":{"line":189,"column":null}},"79":{"start":{"line":190,"column":12},"end":{"line":190,"column":null}},"80":{"start":{"line":191,"column":12},"end":{"line":191,"column":null}},"81":{"start":{"line":193,"column":8},"end":{"line":193,"column":null}},"82":{"start":{"line":197,"column":33},"end":{"line":197,"column":null}},"83":{"start":{"line":198,"column":8},"end":{"line":236,"column":null}},"84":{"start":{"line":200,"column":28},"end":{"line":200,"column":null}},"85":{"start":{"line":201,"column":12},"end":{"line":201,"column":null}},"86":{"start":{"line":201,"column":26},"end":{"line":201,"column":null}},"87":{"start":{"line":202,"column":29},"end":{"line":202,"column":null}},"88":{"start":{"line":203,"column":12},"end":{"line":203,"column":null}},"89":{"start":{"line":203,"column":27},"end":{"line":203,"column":null}},"90":{"start":{"line":206,"column":28},"end":{"line":206,"column":null}},"91":{"start":{"line":207,"column":35},"end":{"line":207,"column":null}},"92":{"start":{"line":208,"column":35},"end":{"line":208,"column":null}},"93":{"start":{"line":209,"column":34},"end":{"line":209,"column":null}},"94":{"start":{"line":212,"column":27},"end":{"line":217,"column":null}},"95":{"start":{"line":218,"column":12},"end":{"line":218,"column":null}},"96":{"start":{"line":219,"column":12},"end":{"line":219,"column":null}},"97":{"start":{"line":223,"column":29},"end":{"line":232,"column":null}},"98":{"start":{"line":233,"column":12},"end":{"line":233,"column":null}},"99":{"start":{"line":234,"column":12},"end":{"line":234,"column":null}},"100":{"start":{"line":235,"column":12},"end":{"line":235,"column":null}},"101":{"start":{"line":237,"column":8},"end":{"line":237,"column":null}},"102":{"start":{"line":241,"column":8},"end":{"line":244,"column":null}},"103":{"start":{"line":248,"column":34},"end":{"line":248,"column":null}},"104":{"start":{"line":249,"column":8},"end":{"line":289,"column":null}},"105":{"start":{"line":250,"column":31},"end":{"line":250,"column":null}},"106":{"start":{"line":251,"column":30},"end":{"line":251,"column":null}},"107":{"start":{"line":253,"column":26},"end":{"line":265,"column":null}},"108":{"start":{"line":266,"column":12},"end":{"line":266,"column":null}},"109":{"start":{"line":267,"column":12},"end":{"line":267,"column":null}},"110":{"start":{"line":269,"column":12},"end":{"line":288,"column":null}},"111":{"start":{"line":270,"column":30},"end":{"line":275,"column":null}},"112":{"start":{"line":276,"column":16},"end":{"line":276,"column":null}},"113":{"start":{"line":277,"column":16},"end":{"line":277,"column":null}},"114":{"start":{"line":279,"column":30},"end":{"line":284,"column":null}},"115":{"start":{"line":285,"column":16},"end":{"line":285,"column":null}},"116":{"start":{"line":286,"column":16},"end":{"line":286,"column":null}},"117":{"start":{"line":287,"column":16},"end":{"line":287,"column":null}},"118":{"start":{"line":290,"column":8},"end":{"line":290,"column":null}},"119":{"start":{"line":294,"column":25},"end":{"line":294,"column":null}},"120":{"start":{"line":294,"column":41},"end":{"line":294,"column":45}},"121":{"start":{"line":296,"column":22},"end":{"line":311,"column":null}},"122":{"start":{"line":312,"column":8},"end":{"line":312,"column":null}},"123":{"start":{"line":313,"column":8},"end":{"line":313,"column":null}},"124":{"start":{"line":315,"column":27},"end":{"line":315,"column":null}},"125":{"start":{"line":315,"column":43},"end":{"line":315,"column":57}},"126":{"start":{"line":316,"column":22},"end":{"line":321,"column":null}},"127":{"start":{"line":322,"column":8},"end":{"line":322,"column":null}},"128":{"start":{"line":323,"column":8},"end":{"line":323,"column":null}}},"fnMap":{"0":{"name":"(anonymous_0)","decl":{"start":{"line":16,"column":10},"end":{"line":16,"column":18}},"loc":{"start":{"line":16,"column":84},"end":{"line":46,"column":null}},"line":16},"1":{"name":"(anonymous_1)","decl":{"start":{"line":22,"column":42},"end":{"line":22,"column":47}},"loc":{"start":{"line":22,"column":47},"end":{"line":22,"column":51}},"line":22},"2":{"name":"(anonymous_2)","decl":{"start":{"line":48,"column":18},"end":{"line":48,"column":41}},"loc":{"start":{"line":48,"column":66},"end":{"line":93,"column":null}},"line":48},"3":{"name":"(anonymous_3)","decl":{"start":{"line":50,"column":41},"end":{"line":50,"column":46}},"loc":{"start":{"line":50,"column":46},"end":{"line":50,"column":73}},"line":50},"4":{"name":"(anonymous_4)","decl":{"start":{"line":57,"column":41},"end":{"line":57,"column":46}},"loc":{"start":{"line":57,"column":46},"end":{"line":57,"column":81}},"line":57},"5":{"name":"(anonymous_5)","decl":{"start":{"line":87,"column":25},"end":{"line":87,"column":30}},"loc":{"start":{"line":87,"column":30},"end":{"line":87,"column":34}},"line":87},"6":{"name":"(anonymous_6)","decl":{"start":{"line":95,"column":12},"end":{"line":95,"column":18}},"loc":{"start":{"line":95,"column":28},"end":{"line":132,"column":null}},"line":95},"7":{"name":"(anonymous_7)","decl":{"start":{"line":134,"column":18},"end":{"line":134,"column":34}},"loc":{"start":{"line":134,"column":117},"end":{"line":158,"column":null}},"line":134},"8":{"name":"(anonymous_8)","decl":{"start":{"line":160,"column":18},"end":{"line":160,"column":34}},"loc":{"start":{"line":160,"column":134},"end":{"line":194,"column":null}},"line":160},"9":{"name":"(anonymous_9)","decl":{"start":{"line":196,"column":18},"end":{"line":196,"column":34}},"loc":{"start":{"line":196,"column":77},"end":{"line":238,"column":null}},"line":196},"10":{"name":"(anonymous_10)","decl":{"start":{"line":240,"column":12},"end":{"line":240,"column":29}},"loc":{"start":{"line":240,"column":48},"end":{"line":245,"column":null}},"line":240},"11":{"name":"(anonymous_11)","decl":{"start":{"line":247,"column":18},"end":{"line":247,"column":34}},"loc":{"start":{"line":247,"column":131},"end":{"line":291,"column":null}},"line":247},"12":{"name":"(anonymous_12)","decl":{"start":{"line":293,"column":18},"end":{"line":293,"column":34}},"loc":{"start":{"line":293,"column":132},"end":{"line":324,"column":null}},"line":293},"13":{"name":"(anonymous_13)","decl":{"start":{"line":294,"column":36},"end":{"line":294,"column":41}},"loc":{"start":{"line":294,"column":41},"end":{"line":294,"column":45}},"line":294},"14":{"name":"(anonymous_14)","decl":{"start":{"line":315,"column":38},"end":{"line":315,"column":43}},"loc":{"start":{"line":315,"column":43},"end":{"line":315,"column":57}},"line":315}},"branchMap":{"0":{"loc":{"start":{"line":17,"column":25},"end":{"line":17,"column":null}},"type":"binary-expr","locations":[{"start":{"line":17,"column":25},"end":{"line":17,"column":50}},{"start":{"line":17,"column":50},"end":{"line":17,"column":null}}],"line":17},"1":{"loc":{"start":{"line":18,"column":25},"end":{"line":18,"column":null}},"type":"binary-expr","locations":[{"start":{"line":18,"column":25},"end":{"line":18,"column":46}},{"start":{"line":18,"column":46},"end":{"line":18,"column":null}}],"line":18},"2":{"loc":{"start":{"line":18,"column":46},"end":{"line":18,"column":null}},"type":"cond-expr","locations":[{"start":{"line":18,"column":57},"end":{"line":18,"column":76}},{"start":{"line":18,"column":76},"end":{"line":18,"column":null}}],"line":18},"3":{"loc":{"start":{"line":18,"column":76},"end":{"line":18,"column":null}},"type":"cond-expr","locations":[{"start":{"line":18,"column":99},"end":{"line":18,"column":120}},{"start":{"line":18,"column":120},"end":{"line":18,"column":null}}],"line":18},"4":{"loc":{"start":{"line":26,"column":8},"end":{"line":26,"column":null}},"type":"if","locations":[{"start":{"line":26,"column":8},"end":{"line":26,"column":null}},{"start":{},"end":{}}],"line":26},"5":{"loc":{"start":{"line":54,"column":33},"end":{"line":54,"column":59}},"type":"binary-expr","locations":[{"start":{"line":54,"column":33},"end":{"line":54,"column":54}},{"start":{"line":54,"column":54},"end":{"line":54,"column":59}}],"line":54},"6":{"loc":{"start":{"line":58,"column":27},"end":{"line":58,"column":null}},"type":"cond-expr","locations":[{"start":{"line":58,"column":40},"end":{"line":58,"column":81}},{"start":{"line":58,"column":81},"end":{"line":58,"column":null}}],"line":58},"7":{"loc":{"start":{"line":67,"column":12},"end":{"line":72,"column":null}},"type":"if","locations":[{"start":{"line":67,"column":12},"end":{"line":72,"column":null}},{"start":{},"end":{}}],"line":67},"8":{"loc":{"start":{"line":67,"column":16},"end":{"line":67,"column":86}},"type":"binary-expr","locations":[{"start":{"line":67,"column":16},"end":{"line":67,"column":44}},{"start":{"line":67,"column":44},"end":{"line":67,"column":86}}],"line":67},"9":{"loc":{"start":{"line":69,"column":16},"end":{"line":69,"column":null}},"type":"if","locations":[{"start":{"line":69,"column":16},"end":{"line":69,"column":null}},{"start":{},"end":{}}],"line":69},"10":{"loc":{"start":{"line":69,"column":20},"end":{"line":69,"column":74}},"type":"binary-expr","locations":[{"start":{"line":69,"column":20},"end":{"line":69,"column":46}},{"start":{"line":69,"column":46},"end":{"line":69,"column":74}}],"line":69},"11":{"loc":{"start":{"line":70,"column":16},"end":{"line":70,"column":null}},"type":"if","locations":[{"start":{"line":70,"column":16},"end":{"line":70,"column":null}},{"start":{},"end":{}}],"line":70},"12":{"loc":{"start":{"line":70,"column":20},"end":{"line":70,"column":75}},"type":"binary-expr","locations":[{"start":{"line":70,"column":20},"end":{"line":70,"column":46}},{"start":{"line":70,"column":46},"end":{"line":70,"column":75}}],"line":70},"13":{"loc":{"start":{"line":71,"column":16},"end":{"line":71,"column":null}},"type":"if","locations":[{"start":{"line":71,"column":16},"end":{"line":71,"column":null}},{"start":{},"end":{}}],"line":71},"14":{"loc":{"start":{"line":71,"column":20},"end":{"line":71,"column":75}},"type":"binary-expr","locations":[{"start":{"line":71,"column":20},"end":{"line":71,"column":46}},{"start":{"line":71,"column":46},"end":{"line":71,"column":75}}],"line":71},"15":{"loc":{"start":{"line":99,"column":12},"end":{"line":130,"column":null}},"type":"if","locations":[{"start":{"line":99,"column":12},"end":{"line":130,"column":null}},{"start":{},"end":{}}],"line":99},"16":{"loc":{"start":{"line":102,"column":20},"end":{"line":102,"column":null}},"type":"if","locations":[{"start":{"line":102,"column":20},"end":{"line":102,"column":null}},{"start":{},"end":{}}],"line":102},"17":{"loc":{"start":{"line":109,"column":20},"end":{"line":112,"column":null}},"type":"if","locations":[{"start":{"line":109,"column":20},"end":{"line":112,"column":null}},{"start":{},"end":{}}],"line":109},"18":{"loc":{"start":{"line":116,"column":20},"end":{"line":118,"column":null}},"type":"if","locations":[{"start":{"line":116,"column":20},"end":{"line":118,"column":null}},{"start":{},"end":{}}],"line":116},"19":{"loc":{"start":{"line":116,"column":24},"end":{"line":116,"column":91}},"type":"binary-expr","locations":[{"start":{"line":116,"column":24},"end":{"line":116,"column":42}},{"start":{"line":116,"column":42},"end":{"line":116,"column":91}}],"line":116},"20":{"loc":{"start":{"line":119,"column":20},"end":{"line":121,"column":null}},"type":"if","locations":[{"start":{"line":119,"column":20},"end":{"line":121,"column":null}},{"start":{},"end":{}}],"line":119},"21":{"loc":{"start":{"line":119,"column":24},"end":{"line":119,"column":91}},"type":"binary-expr","locations":[{"start":{"line":119,"column":24},"end":{"line":119,"column":42}},{"start":{"line":119,"column":42},"end":{"line":119,"column":91}}],"line":119},"22":{"loc":{"start":{"line":201,"column":12},"end":{"line":201,"column":null}},"type":"if","locations":[{"start":{"line":201,"column":12},"end":{"line":201,"column":null}},{"start":{},"end":{}}],"line":201},"23":{"loc":{"start":{"line":203,"column":12},"end":{"line":203,"column":null}},"type":"if","locations":[{"start":{"line":203,"column":12},"end":{"line":203,"column":null}},{"start":{},"end":{}}],"line":203},"24":{"loc":{"start":{"line":250,"column":31},"end":{"line":250,"column":null}},"type":"binary-expr","locations":[{"start":{"line":250,"column":31},"end":{"line":250,"column":53}},{"start":{"line":250,"column":53},"end":{"line":250,"column":null}}],"line":250},"25":{"loc":{"start":{"line":256,"column":17},"end":{"line":256,"column":null}},"type":"cond-expr","locations":[{"start":{"line":256,"column":44},"end":{"line":256,"column":61}},{"start":{"line":256,"column":61},"end":{"line":256,"column":null}}],"line":256},"26":{"loc":{"start":{"line":256,"column":17},"end":{"line":256,"column":44}},"type":"binary-expr","locations":[{"start":{"line":256,"column":17},"end":{"line":256,"column":31}},{"start":{"line":256,"column":31},"end":{"line":256,"column":44}}],"line":256},"27":{"loc":{"start":{"line":267,"column":54},"end":{"line":267,"column":87}},"type":"cond-expr","locations":[{"start":{"line":267,"column":67},"end":{"line":267,"column":77}},{"start":{"line":267,"column":77},"end":{"line":267,"column":87}}],"line":267},"28":{"loc":{"start":{"line":269,"column":12},"end":{"line":288,"column":null}},"type":"if","locations":[{"start":{"line":269,"column":12},"end":{"line":288,"column":null}},{"start":{},"end":{}}],"line":269},"29":{"loc":{"start":{"line":269,"column":16},"end":{"line":269,"column":41}},"type":"binary-expr","locations":[{"start":{"line":269,"column":16},"end":{"line":269,"column":30}},{"start":{"line":269,"column":30},"end":{"line":269,"column":41}}],"line":269}},"s":{"0":16,"1":16,"2":16,"3":16,"4":26,"5":16,"6":16,"7":0,"8":16,"9":16,"10":16,"11":16,"12":16,"13":16,"14":16,"15":16,"16":16,"17":486,"18":16,"19":16,"20":486,"21":16,"22":205,"23":16,"24":16,"25":16,"26":16,"27":16,"28":486,"29":486,"30":7,"31":7,"32":0,"33":7,"34":1,"35":7,"36":6,"37":16,"38":486,"39":16,"40":16,"41":17,"42":17,"43":503,"44":503,"45":197,"46":197,"47":197,"48":0,"49":197,"50":197,"51":197,"52":16,"53":189,"54":189,"55":0,"56":189,"57":0,"58":8,"59":8,"60":16,"61":16,"62":16,"63":16,"64":16,"65":10,"66":10,"67":10,"68":10,"69":16,"70":16,"71":16,"72":16,"73":16,"74":16,"75":25,"76":25,"77":25,"78":25,"79":25,"80":25,"81":16,"82":16,"83":16,"84":25,"85":25,"86":0,"87":25,"88":25,"89":0,"90":25,"91":25,"92":25,"93":25,"94":25,"95":25,"96":25,"97":25,"98":25,"99":25,"100":25,"101":16,"102":25,"103":16,"104":16,"105":25,"106":25,"107":25,"108":25,"109":25,"110":25,"111":16,"112":16,"113":16,"114":16,"115":16,"116":16,"117":16,"118":16,"119":16,"120":16,"121":16,"122":16,"123":16,"124":16,"125":16,"126":16,"127":16,"128":16},"f":{"0":16,"1":26,"2":16,"3":486,"4":205,"5":486,"6":17,"7":16,"8":16,"9":16,"10":25,"11":16,"12":16,"13":16,"14":16},"b":{"0":[16,15],"1":[16,10],"2":[9,1],"3":[1,0],"4":[0,16],"5":[486,182],"6":[16,0],"7":[7,479],"8":[486,57],"9":[0,7],"10":[7,7],"11":[1,6],"12":[7,7],"13":[6,1],"14":[7,7],"15":[197,306],"16":[0,197],"17":[16,181],"18":[0,189],"19":[189,24],"20":[0,189],"21":[189,24],"22":[0,25],"23":[0,25],"24":[25,25],"25":[16,9],"26":[25,16],"27":[16,9],"28":[16,9],"29":[25,16]},"meta":{"lastBranch":30,"lastFunction":15,"lastStatement":129,"seen":{"f:16:10:16:18":0,"s:17:25:17:Infinity":0,"b:17:25:17:50:17:50:17:Infinity":0,"s:18:25:18:Infinity":1,"b:18:25:18:46:18:46:18:Infinity":1,"b:18:57:18:76:18:76:18:Infinity":2,"b:18:99:18:120:18:120:18:Infinity":3,"s:21:26:21:Infinity":2,"s:22:8:22:Infinity":3,"f:22:42:22:47":1,"s:22:47:22:51":4,"s:25:23:25:Infinity":5,"b:26:8:26:Infinity:undefined:undefined:undefined:undefined":4,"s:26:8:26:Infinity":6,"s:26:21:26:Infinity":7,"s:27:25:27:Infinity":8,"s:30:26:30:Infinity":9,"s:33:27:33:Infinity":10,"s:36:8:36:Infinity":11,"s:39:8:39:Infinity":12,"s:42:8:42:Infinity":13,"s:45:8:45:Infinity":14,"f:48:18:48:41":2,"s:49:25:49:Infinity":15,"s:50:25:50:Infinity":16,"f:50:41:50:46":3,"s:50:46:50:73":17,"s:52:47:52:Infinity":18,"s:53:8:55:Infinity":19,"s:54:12:54:Infinity":20,"b:54:33:54:54:54:54:54:59":5,"s:57:27:57:Infinity":21,"f:57:41:57:46":4,"s:57:46:57:81":22,"s:58:27:58:Infinity":23,"b:58:40:58:81:58:81:58:Infinity":6,"s:61:17:61:Infinity":24,"s:62:17:62:Infinity":25,"s:63:17:63:Infinity":26,"s:65:8:73:Infinity":27,"s:66:23:66:Infinity":28,"b:67:12:72:Infinity:undefined:undefined:undefined:undefined":7,"s:67:12:72:Infinity":29,"b:67:16:67:44:67:44:67:86":8,"s:68:32:68:Infinity":30,"b:69:16:69:Infinity:undefined:undefined:undefined:undefined":9,"s:69:16:69:Infinity":31,"b:69:20:69:46:69:46:69:74":10,"s:69:74:69:Infinity":32,"b:70:16:70:Infinity:undefined:undefined:undefined:undefined":11,"s:70:16:70:Infinity":33,"b:70:20:70:46:70:46:70:75":12,"s:70:75:70:Infinity":34,"b:71:16:71:Infinity:undefined:undefined:undefined:undefined":13,"s:71:16:71:Infinity":35,"b:71:20:71:46:71:46:71:75":14,"s:71:75:71:Infinity":36,"s:75:27:89:Infinity":37,"f:87:25:87:30":5,"s:87:30:87:34":38,"s:91:8:91:Infinity":39,"s:92:8:92:Infinity":40,"f:95:12:95:18":6,"s:96:25:96:Infinity":41,"s:97:8:131:Infinity":42,"s:98:31:98:Infinity":43,"b:99:12:130:Infinity:undefined:undefined:undefined:undefined":15,"s:99:12:130:Infinity":44,"s:100:16:129:Infinity":45,"s:101:33:101:Infinity":46,"b:102:20:102:Infinity:undefined:undefined:undefined:undefined":16,"s:102:20:102:Infinity":47,"s:102:31:102:Infinity":48,"s:105:20:105:Infinity":49,"s:107:20:107:Infinity":50,"b:109:20:112:Infinity:undefined:undefined:undefined:undefined":17,"s:109:20:112:Infinity":51,"s:111:24:111:Infinity":52,"s:115:30:115:Infinity":53,"b:116:20:118:Infinity:undefined:undefined:undefined:undefined":18,"s:116:20:118:Infinity":54,"b:116:24:116:42:116:42:116:91":19,"s:117:24:117:Infinity":55,"b:119:20:121:Infinity:undefined:undefined:undefined:undefined":20,"s:119:20:121:Infinity":56,"b:119:24:119:42:119:42:119:91":21,"s:120:24:120:Infinity":57,"s:124:20:124:Infinity":58,"s:125:20:128:Infinity":59,"f:134:18:134:34":7,"s:135:22:140:Infinity":60,"s:141:8:141:Infinity":61,"s:142:8:142:Infinity":62,"s:144:30:144:Infinity":63,"s:145:8:155:Infinity":64,"s:146:26:151:Infinity":65,"s:152:12:152:Infinity":66,"s:153:12:153:Infinity":67,"s:154:12:154:Infinity":68,"s:157:8:157:Infinity":69,"f:160:18:160:34":8,"s:161:32:161:Infinity":70,"s:163:26:175:Infinity":71,"s:176:8:176:Infinity":72,"s:177:8:177:Infinity":73,"s:179:8:192:Infinity":74,"s:180:26:180:Infinity":75,"s:181:32:181:Infinity":76,"s:183:28:188:Infinity":77,"s:189:12:189:Infinity":78,"s:190:12:190:Infinity":79,"s:191:12:191:Infinity":80,"s:193:8:193:Infinity":81,"f:196:18:196:34":9,"s:197:33:197:Infinity":82,"s:198:8:236:Infinity":83,"s:200:28:200:Infinity":84,"b:201:12:201:Infinity:undefined:undefined:undefined:undefined":22,"s:201:12:201:Infinity":85,"s:201:26:201:Infinity":86,"s:202:29:202:Infinity":87,"b:203:12:203:Infinity:undefined:undefined:undefined:undefined":23,"s:203:12:203:Infinity":88,"s:203:27:203:Infinity":89,"s:206:28:206:Infinity":90,"s:207:35:207:Infinity":91,"s:208:35:208:Infinity":92,"s:209:34:209:Infinity":93,"s:212:27:217:Infinity":94,"s:218:12:218:Infinity":95,"s:219:12:219:Infinity":96,"s:223:29:232:Infinity":97,"s:233:12:233:Infinity":98,"s:234:12:234:Infinity":99,"s:235:12:235:Infinity":100,"s:237:8:237:Infinity":101,"f:240:12:240:29":10,"s:241:8:244:Infinity":102,"f:247:18:247:34":11,"s:248:34:248:Infinity":103,"s:249:8:289:Infinity":104,"s:250:31:250:Infinity":105,"b:250:31:250:53:250:53:250:Infinity":24,"s:251:30:251:Infinity":106,"s:253:26:265:Infinity":107,"b:256:44:256:61:256:61:256:Infinity":25,"b:256:17:256:31:256:31:256:44":26,"s:266:12:266:Infinity":108,"s:267:12:267:Infinity":109,"b:267:67:267:77:267:77:267:87":27,"b:269:12:288:Infinity:undefined:undefined:undefined:undefined":28,"s:269:12:288:Infinity":110,"b:269:16:269:30:269:30:269:41":29,"s:270:30:275:Infinity":111,"s:276:16:276:Infinity":112,"s:277:16:277:Infinity":113,"s:279:30:284:Infinity":114,"s:285:16:285:Infinity":115,"s:286:16:286:Infinity":116,"s:287:16:287:Infinity":117,"s:290:8:290:Infinity":118,"f:293:18:293:34":12,"s:294:25:294:Infinity":119,"f:294:36:294:41":13,"s:294:41:294:45":120,"s:296:22:311:Infinity":121,"s:312:8:312:Infinity":122,"s:313:8:313:Infinity":123,"s:315:27:315:Infinity":124,"f:315:38:315:43":14,"s:315:43:315:57":125,"s:316:22:321:Infinity":126,"s:322:8:322:Infinity":127,"s:323:8:323:Infinity":128}}}
,"C:\\Users\\Loritamus\\Desktop\\AI project\\src\\engine\\recompute.ts": {"path":"C:\\Users\\Loritamus\\Desktop\\AI project\\src\\engine\\recompute.ts","statementMap":{"0":{"start":{"line":9,"column":24},"end":{"line":9,"column":null}},"1":{"start":{"line":12,"column":23},"end":{"line":12,"column":null}},"2":{"start":{"line":13,"column":10},"end":{"line":13,"column":null}},"3":{"start":{"line":16,"column":4},"end":{"line":18,"column":null}},"4":{"start":{"line":17,"column":8},"end":{"line":17,"column":null}},"5":{"start":{"line":21,"column":4},"end":{"line":55,"column":null}},"6":{"start":{"line":23,"column":8},"end":{"line":23,"column":null}},"7":{"start":{"line":23,"column":43},"end":{"line":23,"column":null}},"8":{"start":{"line":25,"column":21},"end":{"line":25,"column":null}},"9":{"start":{"line":26,"column":8},"end":{"line":26,"column":null}},"10":{"start":{"line":26,"column":19},"end":{"line":26,"column":null}},"11":{"start":{"line":28,"column":30},"end":{"line":28,"column":null}},"12":{"start":{"line":28,"column":52},"end":{"line":28,"column":85}},"13":{"start":{"line":32,"column":8},"end":{"line":38,"column":null}},"14":{"start":{"line":32,"column":36},"end":{"line":32,"column":51}},"15":{"start":{"line":33,"column":12},"end":{"line":36,"column":null}},"16":{"start":{"line":37,"column":12},"end":{"line":37,"column":null}},"17":{"start":{"line":45,"column":8},"end":{"line":51,"column":null}},"18":{"start":{"line":46,"column":31},"end":{"line":46,"column":null}},"19":{"start":{"line":47,"column":12},"end":{"line":50,"column":null}},"20":{"start":{"line":48,"column":16},"end":{"line":48,"column":null}},"21":{"start":{"line":49,"column":16},"end":{"line":49,"column":null}},"22":{"start":{"line":54,"column":8},"end":{"line":54,"column":null}}},"fnMap":{"0":{"name":"recomputeRun","decl":{"start":{"line":8,"column":16},"end":{"line":8,"column":29}},"loc":{"start":{"line":8,"column":61},"end":{"line":56,"column":null}},"line":8},"1":{"name":"(anonymous_1)","decl":{"start":{"line":28,"column":46},"end":{"line":28,"column":52}},"loc":{"start":{"line":28,"column":52},"end":{"line":28,"column":85}},"line":28},"2":{"name":"(anonymous_2)","decl":{"start":{"line":32,"column":31},"end":{"line":32,"column":36}},"loc":{"start":{"line":32,"column":36},"end":{"line":32,"column":51}},"line":32}},"branchMap":{"0":{"loc":{"start":{"line":9,"column":32},"end":{"line":9,"column":62}},"type":"binary-expr","locations":[{"start":{"line":9,"column":32},"end":{"line":9,"column":60}},{"start":{"line":9,"column":60},"end":{"line":9,"column":62}}],"line":9},"1":{"loc":{"start":{"line":23,"column":8},"end":{"line":23,"column":null}},"type":"if","locations":[{"start":{"line":23,"column":8},"end":{"line":23,"column":null}},{"start":{},"end":{}}],"line":23},"2":{"loc":{"start":{"line":26,"column":8},"end":{"line":26,"column":null}},"type":"if","locations":[{"start":{"line":26,"column":8},"end":{"line":26,"column":null}},{"start":{},"end":{}}],"line":26},"3":{"loc":{"start":{"line":32,"column":8},"end":{"line":38,"column":null}},"type":"if","locations":[{"start":{"line":32,"column":8},"end":{"line":38,"column":null}},{"start":{},"end":{}}],"line":32},"4":{"loc":{"start":{"line":45,"column":8},"end":{"line":51,"column":null}},"type":"if","locations":[{"start":{"line":45,"column":8},"end":{"line":51,"column":null}},{"start":{},"end":{}}],"line":45},"5":{"loc":{"start":{"line":45,"column":12},"end":{"line":45,"column":50}},"type":"binary-expr","locations":[{"start":{"line":45,"column":12},"end":{"line":45,"column":37}},{"start":{"line":45,"column":37},"end":{"line":45,"column":50}}],"line":45},"6":{"loc":{"start":{"line":47,"column":12},"end":{"line":50,"column":null}},"type":"if","locations":[{"start":{"line":47,"column":12},"end":{"line":50,"column":null}},{"start":{},"end":{}}],"line":47}},"s":{"0":18,"1":18,"2":18,"3":18,"4":5,"5":18,"6":504,"7":210,"8":294,"9":294,"10":0,"11":294,"12":1420,"13":294,"14":808,"15":43,"16":43,"17":251,"18":11,"19":11,"20":1,"21":1,"22":250},"f":{"0":18,"1":1420,"2":808},"b":{"0":[18,13],"1":[210,294],"2":[0,294],"3":[43,251],"4":[11,240],"5":[251,235],"6":[1,10]},"meta":{"lastBranch":7,"lastFunction":3,"lastStatement":23,"seen":{"f:8:16:8:29":0,"s:9:24:9:Infinity":0,"b:9:32:9:60:9:60:9:62":0,"s:12:23:12:Infinity":1,"s:13:10:13:Infinity":2,"s:16:4:18:Infinity":3,"s:17:8:17:Infinity":4,"s:21:4:55:Infinity":5,"b:23:8:23:Infinity:undefined:undefined:undefined:undefined":1,"s:23:8:23:Infinity":6,"s:23:43:23:Infinity":7,"s:25:21:25:Infinity":8,"b:26:8:26:Infinity:undefined:undefined:undefined:undefined":2,"s:26:8:26:Infinity":9,"s:26:19:26:Infinity":10,"s:28:30:28:Infinity":11,"f:28:46:28:52":1,"s:28:52:28:85":12,"b:32:8:38:Infinity:undefined:undefined:undefined:undefined":3,"s:32:8:38:Infinity":13,"f:32:31:32:36":2,"s:32:36:32:51":14,"s:33:12:36:Infinity":15,"s:37:12:37:Infinity":16,"b:45:8:51:Infinity:undefined:undefined:undefined:undefined":4,"s:45:8:51:Infinity":17,"b:45:12:45:37:45:37:45:50":5,"s:46:31:46:Infinity":18,"b:47:12:50:Infinity:undefined:undefined:undefined:undefined":6,"s:47:12:50:Infinity":19,"s:48:16:48:Infinity":20,"s:49:16:49:Infinity":21,"s:54:8:54:Infinity":22}}}
,"C:\\Users\\Loritamus\\Desktop\\AI project\\src\\engine\\store.ts": {"path":"C:\\Users\\Loritamus\\Desktop\\AI project\\src\\engine\\store.ts","statementMap":{"0":{"start":{"line":8,"column":4},"end":{"line":8,"column":null}},"1":{"start":{"line":8,"column":49},"end":{"line":8,"column":null}},"2":{"start":{"line":9,"column":4},"end":{"line":9,"column":null}},"3":{"start":{"line":10,"column":4},"end":{"line":15,"column":null}},"4":{"start":{"line":11,"column":23},"end":{"line":11,"column":null}},"5":{"start":{"line":12,"column":8},"end":{"line":14,"column":null}},"6":{"start":{"line":13,"column":12},"end":{"line":13,"column":null}},"7":{"start":{"line":16,"column":4},"end":{"line":16,"column":null}},"8":{"start":{"line":23,"column":39},"end":{"line":23,"column":null}},"9":{"start":{"line":30,"column":29},"end":{"line":30,"column":null}},"10":{"start":{"line":31,"column":8},"end":{"line":33,"column":null}},"11":{"start":{"line":32,"column":12},"end":{"line":32,"column":null}},"12":{"start":{"line":36,"column":25},"end":{"line":36,"column":null}},"13":{"start":{"line":37,"column":8},"end":{"line":40,"column":null}},"14":{"start":{"line":39,"column":12},"end":{"line":39,"column":null}},"15":{"start":{"line":43,"column":8},"end":{"line":43,"column":null}},"16":{"start":{"line":47,"column":8},"end":{"line":47,"column":null}},"17":{"start":{"line":51,"column":8},"end":{"line":51,"column":null}},"18":{"start":{"line":55,"column":8},"end":{"line":55,"column":null}},"19":{"start":{"line":63,"column":19},"end":{"line":63,"column":null}},"20":{"start":{"line":64,"column":36},"end":{"line":64,"column":null}},"21":{"start":{"line":65,"column":42},"end":{"line":65,"column":null}},"22":{"start":{"line":66,"column":54},"end":{"line":66,"column":null}},"23":{"start":{"line":70,"column":8},"end":{"line":70,"column":null}},"24":{"start":{"line":74,"column":8},"end":{"line":74,"column":null}},"25":{"start":{"line":79,"column":20},"end":{"line":79,"column":null}},"26":{"start":{"line":80,"column":8},"end":{"line":85,"column":null}},"27":{"start":{"line":89,"column":8},"end":{"line":89,"column":null}},"28":{"start":{"line":98,"column":22},"end":{"line":98,"column":null}},"29":{"start":{"line":99,"column":21},"end":{"line":99,"column":null}},"30":{"start":{"line":101,"column":25},"end":{"line":101,"column":null}},"31":{"start":{"line":102,"column":8},"end":{"line":108,"column":null}},"32":{"start":{"line":104,"column":12},"end":{"line":106,"column":null}},"33":{"start":{"line":105,"column":16},"end":{"line":105,"column":null}},"34":{"start":{"line":107,"column":12},"end":{"line":107,"column":null}},"35":{"start":{"line":110,"column":8},"end":{"line":110,"column":null}},"36":{"start":{"line":111,"column":8},"end":{"line":111,"column":null}},"37":{"start":{"line":115,"column":22},"end":{"line":115,"column":null}},"38":{"start":{"line":116,"column":8},"end":{"line":116,"column":null}},"39":{"start":{"line":120,"column":23},"end":{"line":120,"column":null}},"40":{"start":{"line":121,"column":20},"end":{"line":121,"column":null}},"41":{"start":{"line":122,"column":8},"end":{"line":122,"column":null}},"42":{"start":{"line":122,"column":36},"end":{"line":122,"column":67}},"43":{"start":{"line":126,"column":8},"end":{"line":126,"column":null}},"44":{"start":{"line":126,"column":35},"end":{"line":126,"column":null}},"45":{"start":{"line":127,"column":8},"end":{"line":129,"column":null}},"46":{"start":{"line":127,"column":21},"end":{"line":127,"column":24}},"47":{"start":{"line":128,"column":12},"end":{"line":128,"column":null}},"48":{"start":{"line":128,"column":31},"end":{"line":128,"column":null}},"49":{"start":{"line":130,"column":8},"end":{"line":130,"column":null}},"50":{"start":{"line":135,"column":21},"end":{"line":135,"column":null}}},"fnMap":{"0":{"name":"deepFreeze","decl":{"start":{"line":7,"column":16},"end":{"line":7,"column":30}},"loc":{"start":{"line":7,"column":41},"end":{"line":17,"column":null}},"line":7},"1":{"name":"(anonymous_1)","decl":{"start":{"line":10,"column":44},"end":{"line":10,"column":52}},"loc":{"start":{"line":10,"column":52},"end":{"line":15,"column":5}},"line":10},"2":{"name":"(anonymous_2)","decl":{"start":{"line":28,"column":10},"end":{"line":28,"column":18}},"loc":{"start":{"line":28,"column":45},"end":{"line":44,"column":null}},"line":28},"3":{"name":"(anonymous_3)","decl":{"start":{"line":46,"column":4},"end":{"line":46,"column":12}},"loc":{"start":{"line":46,"column":42},"end":{"line":48,"column":null}},"line":46},"4":{"name":"(anonymous_4)","decl":{"start":{"line":50,"column":4},"end":{"line":50,"column":12}},"loc":{"start":{"line":50,"column":33},"end":{"line":52,"column":null}},"line":50},"5":{"name":"(anonymous_5)","decl":{"start":{"line":54,"column":4},"end":{"line":54,"column":37}},"loc":{"start":{"line":54,"column":37},"end":{"line":56,"column":null}},"line":54},"6":{"name":"(anonymous_6)","decl":{"start":{"line":69,"column":4},"end":{"line":69,"column":16}},"loc":{"start":{"line":69,"column":32},"end":{"line":71,"column":null}},"line":69},"7":{"name":"(anonymous_7)","decl":{"start":{"line":73,"column":4},"end":{"line":73,"column":11}},"loc":{"start":{"line":73,"column":39},"end":{"line":75,"column":null}},"line":73},"8":{"name":"(anonymous_8)","decl":{"start":{"line":78,"column":4},"end":{"line":78,"column":12}},"loc":{"start":{"line":78,"column":111},"end":{"line":86,"column":null}},"line":78},"9":{"name":"(anonymous_9)","decl":{"start":{"line":88,"column":4},"end":{"line":88,"column":12}},"loc":{"start":{"line":88,"column":63},"end":{"line":90,"column":null}},"line":88},"10":{"name":"(anonymous_10)","decl":{"start":{"line":97,"column":17},"end":{"line":97,"column":29}},"loc":{"start":{"line":97,"column":72},"end":{"line":112,"column":null}},"line":97},"11":{"name":"(anonymous_11)","decl":{"start":{"line":114,"column":11},"end":{"line":114,"column":23}},"loc":{"start":{"line":114,"column":66},"end":{"line":117,"column":null}},"line":114},"12":{"name":"(anonymous_12)","decl":{"start":{"line":119,"column":18},"end":{"line":119,"column":32}},"loc":{"start":{"line":119,"column":68},"end":{"line":123,"column":null}},"line":119},"13":{"name":"(anonymous_13)","decl":{"start":{"line":122,"column":31},"end":{"line":122,"column":36}},"loc":{"start":{"line":122,"column":36},"end":{"line":122,"column":67}},"line":122},"14":{"name":"(anonymous_14)","decl":{"start":{"line":125,"column":12},"end":{"line":125,"column":23}},"loc":{"start":{"line":125,"column":62},"end":{"line":131,"column":null}},"line":125}},"branchMap":{"0":{"loc":{"start":{"line":8,"column":4},"end":{"line":8,"column":null}},"type":"if","locations":[{"start":{"line":8,"column":4},"end":{"line":8,"column":null}},{"start":{},"end":{}}],"line":8},"1":{"loc":{"start":{"line":8,"column":8},"end":{"line":8,"column":49}},"type":"binary-expr","locations":[{"start":{"line":8,"column":8},"end":{"line":8,"column":24}},{"start":{"line":8,"column":24},"end":{"line":8,"column":49}}],"line":8},"2":{"loc":{"start":{"line":12,"column":8},"end":{"line":14,"column":null}},"type":"if","locations":[{"start":{"line":12,"column":8},"end":{"line":14,"column":null}},{"start":{},"end":{}}],"line":12},"3":{"loc":{"start":{"line":12,"column":12},"end":{"line":12,"column":84}},"type":"binary-expr","locations":[{"start":{"line":12,"column":12},"end":{"line":12,"column":30}},{"start":{"line":12,"column":30},"end":{"line":12,"column":59}},{"start":{"line":12,"column":59},"end":{"line":12,"column":84}}],"line":12},"4":{"loc":{"start":{"line":31,"column":8},"end":{"line":33,"column":null}},"type":"if","locations":[{"start":{"line":31,"column":8},"end":{"line":33,"column":null}},{"start":{},"end":{}}],"line":31},"5":{"loc":{"start":{"line":37,"column":8},"end":{"line":40,"column":null}},"type":"if","locations":[{"start":{"line":37,"column":8},"end":{"line":40,"column":null}},{"start":{},"end":{}}],"line":37},"6":{"loc":{"start":{"line":102,"column":8},"end":{"line":108,"column":null}},"type":"if","locations":[{"start":{"line":102,"column":8},"end":{"line":108,"column":null}},{"start":{},"end":{}}],"line":102},"7":{"loc":{"start":{"line":104,"column":12},"end":{"line":106,"column":null}},"type":"if","locations":[{"start":{"line":104,"column":12},"end":{"line":106,"column":null}},{"start":{},"end":{}}],"line":104},"8":{"loc":{"start":{"line":116,"column":15},"end":{"line":116,"column":null}},"type":"cond-expr","locations":[{"start":{"line":116,"column":23},"end":{"line":116,"column":39}},{"start":{"line":116,"column":39},"end":{"line":116,"column":null}}],"line":116},"9":{"loc":{"start":{"line":126,"column":8},"end":{"line":126,"column":null}},"type":"if","locations":[{"start":{"line":126,"column":8},"end":{"line":126,"column":null}},{"start":{},"end":{}}],"line":126},"10":{"loc":{"start":{"line":128,"column":12},"end":{"line":128,"column":null}},"type":"if","locations":[{"start":{"line":128,"column":12},"end":{"line":128,"column":null}},{"start":{},"end":{}}],"line":128}},"s":{"0":1988,"1":0,"2":1988,"3":1988,"4":6634,"5":6634,"6":1033,"7":1988,"8":10,"9":259,"10":259,"11":3,"12":256,"13":256,"14":101,"15":155,"16":1586,"17":0,"18":61,"19":9,"20":9,"21":9,"22":9,"23":0,"24":0,"25":547,"26":547,"27":3933,"28":53,"29":53,"30":53,"31":53,"32":39,"33":1,"34":38,"35":14,"36":14,"37":62,"38":62,"39":52,"40":52,"41":52,"42":1664,"43":41,"44":1,"45":40,"46":40,"47":2798,"48":2,"49":38,"50":9},"f":{"0":1988,"1":6634,"2":259,"3":1586,"4":0,"5":61,"6":0,"7":0,"8":547,"9":3933,"10":53,"11":62,"12":52,"13":1664,"14":41},"b":{"0":[0,1988],"1":[1988,1988],"2":[1033,5601],"3":[6634,6634,1489],"4":[3,256],"5":[101,155],"6":[39,14],"7":[1,38],"8":[59,3],"9":[1,40],"10":[2,2796]},"meta":{"lastBranch":11,"lastFunction":15,"lastStatement":51,"seen":{"f:7:16:7:30":0,"b:8:4:8:Infinity:undefined:undefined:undefined:undefined":0,"s:8:4:8:Infinity":0,"b:8:8:8:24:8:24:8:49":1,"s:8:49:8:Infinity":1,"s:9:4:9:Infinity":2,"s:10:4:15:Infinity":3,"f:10:44:10:52":1,"s:11:23:11:Infinity":4,"b:12:8:14:Infinity:undefined:undefined:undefined:undefined":2,"s:12:8:14:Infinity":5,"b:12:12:12:30:12:30:12:59:12:59:12:84":3,"s:13:12:13:Infinity":6,"s:16:4:16:Infinity":7,"s:23:39:23:Infinity":8,"f:28:10:28:18":2,"s:30:29:30:Infinity":9,"b:31:8:33:Infinity:undefined:undefined:undefined:undefined":4,"s:31:8:33:Infinity":10,"s:32:12:32:Infinity":11,"s:36:25:36:Infinity":12,"b:37:8:40:Infinity:undefined:undefined:undefined:undefined":5,"s:37:8:40:Infinity":13,"s:39:12:39:Infinity":14,"s:43:8:43:Infinity":15,"f:46:4:46:12":3,"s:47:8:47:Infinity":16,"f:50:4:50:12":4,"s:51:8:51:Infinity":17,"f:54:4:54:37":5,"s:55:8:55:Infinity":18,"s:63:19:63:Infinity":19,"s:64:36:64:Infinity":20,"s:65:42:65:Infinity":21,"s:66:54:66:Infinity":22,"f:69:4:69:16":6,"s:70:8:70:Infinity":23,"f:73:4:73:11":7,"s:74:8:74:Infinity":24,"f:78:4:78:12":8,"s:79:20:79:Infinity":25,"s:80:8:85:Infinity":26,"f:88:4:88:12":9,"s:89:8:89:Infinity":27,"f:97:17:97:29":10,"s:98:22:98:Infinity":28,"s:99:21:99:Infinity":29,"s:101:25:101:Infinity":30,"b:102:8:108:Infinity:undefined:undefined:undefined:undefined":6,"s:102:8:108:Infinity":31,"b:104:12:106:Infinity:undefined:undefined:undefined:undefined":7,"s:104:12:106:Infinity":32,"s:105:16:105:Infinity":33,"s:107:12:107:Infinity":34,"s:110:8:110:Infinity":35,"s:111:8:111:Infinity":36,"f:114:11:114:23":11,"s:115:22:115:Infinity":37,"s:116:8:116:Infinity":38,"b:116:23:116:39:116:39:116:Infinity":8,"f:119:18:119:32":12,"s:120:23:120:Infinity":39,"s:121:20:121:Infinity":40,"s:122:8:122:Infinity":41,"f:122:31:122:36":13,"s:122:36:122:67":42,"f:125:12:125:23":14,"b:126:8:126:Infinity:undefined:undefined:undefined:undefined":9,"s:126:8:126:Infinity":43,"s:126:35:126:Infinity":44,"s:127:8:129:Infinity":45,"s:127:21:127:24":46,"b:128:12:128:Infinity:undefined:undefined:undefined:undefined":10,"s:128:12:128:Infinity":47,"s:128:31:128:Infinity":48,"s:130:8:130:Infinity":49,"s:135:21:135:Infinity":50}}}
}
